
Heap Meta Info:
===============
Total Size = 8192 bytes
Start Address = 0x55a26a954000
Partition list:
[+    0 |    40 bytes | 1]
[+   40 |     4 bytes | 0]
[+   44 |    16 bytes | 0]
[+   60 |    40 bytes | 0]
[+  100 |     8 bytes | 0]
[+  108 |    20 bytes | 0]
[+  128 |    40 bytes | 0]
[+  168 |    16 bytes | 0]
[+  184 |     4 bytes | 0]
[+  188 |    44 bytes | 0]
[+  232 |     4 bytes | 0]
[+  236 |     4 bytes | 0]
[+  240 |    12 bytes | 0]
[+  252 |     4 bytes | 0]
[+  256 |    48 bytes | 0]
[+  304 |     8 bytes | 0]
[+  312 |     4 bytes | 0]
[+  316 |    16 bytes | 0]
[+  332 |    36 bytes | 0]
[+  368 |    44 bytes | 0]
[+  412 |    60 bytes | 0]
[+  472 |    76 bytes | 0]
[+  548 |    36 bytes | 0]
[+  584 |    32 bytes | 0]
[+  616 |    16 bytes | 0]
[+  632 |    80 bytes | 0]
[+  712 |    12 bytes | 0]
[+  724 |    12 bytes | 0]
[+  736 |    32 bytes | 0]
[+  768 |    56 bytes | 0]
[+  824 |    76 bytes | 0]
[+  900 |    84 bytes | 0]
[+  984 |     4 bytes | 0]
[+  988 |     4 bytes | 0]
[+  992 |    36 bytes | 0]
[+ 1028 |    60 bytes | 0]
[+ 1088 |    12 bytes | 0]
[+ 1100 |    80 bytes | 0]
[+ 1180 |    44 bytes | 0]
[+ 1224 |    92 bytes | 0]
[+ 1316 |     4 bytes | 0]
[+ 1320 |     4 bytes | 0]
[+ 1324 |    16 bytes | 0]
[+ 1340 |    12 bytes | 0]
[+ 1352 |    12 bytes | 0]
[+ 1364 |    64 bytes | 0]
[+ 1428 |     8 bytes | 0]
[+ 1436 |   100 bytes | 0]
[+ 1536 |    12 bytes | 0]
[+ 1548 |     4 bytes | 0]
[+ 1552 |    52 bytes | 0]
[+ 1604 |    92 bytes | 0]
[+ 1696 |   100 bytes | 0]
[+ 1796 |   104 bytes | 0]
[+ 1900 |     4 bytes | 0]
[+ 1904 |    16 bytes | 0]
[+ 1920 |     8 bytes | 0]
[+ 1928 |    12 bytes | 0]
[+ 1940 |    40 bytes | 0]
[+ 1980 |    24 bytes | 0]
[+ 2004 |    16 bytes | 0]
[+ 2020 |     8 bytes | 0]
[+ 2028 |    12 bytes | 0]
[+ 2040 |   104 bytes | 0]
[+ 2144 |    12 bytes | 0]
[+ 2156 |    16 bytes | 0]
[+ 2172 |    40 bytes | 0]
[+ 2212 |    52 bytes | 0]
[+ 2264 |   112 bytes | 0]
[+ 2376 |    16 bytes | 0]
[+ 2392 |    28 bytes | 0]
[+ 2420 |    24 bytes | 0]
[+ 2444 |     4 bytes | 0]
[+ 2448 |    80 bytes | 0]
[+ 2528 |     8 bytes | 0]
[+ 2536 |    72 bytes | 0]
[+ 2608 |    28 bytes | 0]
[+ 2636 |   108 bytes | 0]
[+ 2744 |     4 bytes | 0]
[+ 2748 |   120 bytes | 0]
[+ 2868 |     8 bytes | 0]
[+ 2876 |    12 bytes | 0]
[+ 2888 |    16 bytes | 0]
[+ 2904 |    48 bytes | 0]
[+ 2952 |   120 bytes | 0]
[+ 3072 |    20 bytes | 0]
[+ 3092 |   128 bytes | 0]
[+ 3220 |    32 bytes | 0]
[+ 3252 |     4 bytes | 0]
[+ 3256 |     8 bytes | 0]
[+ 3264 |   144 bytes | 1]
[+ 3408 |    12 bytes | 0]
[+ 3420 |     8 bytes | 0]
[+ 3428 |    24 bytes | 0]
[+ 3452 |    20 bytes | 0]
[+ 3472 |   136 bytes | 1]
[+ 3608 |    12 bytes | 0]
[+ 3620 |    24 bytes | 0]
[+ 3644 |   156 bytes | 0]
[+ 3800 |    20 bytes | 0]
[+ 3820 |   124 bytes | 0]
[+ 3944 |   120 bytes | 0]
[+ 4064 |   180 bytes | 0]
[+ 4244 |    12 bytes | 0]
[+ 4256 |    16 bytes | 0]
[+ 4272 |     4 bytes | 0]
[+ 4276 |     4 bytes | 0]
[+ 4280 |    72 bytes | 0]
[+ 4352 |    92 bytes | 0]
[+ 4444 |    24 bytes | 0]
[+ 4468 |   140 bytes | 0]
[+ 4608 |   160 bytes | 0]
[+ 4768 |   184 bytes | 0]
[+ 4952 |    12 bytes | 0]
[+ 4964 |     4 bytes | 0]
[+ 4968 |    28 bytes | 0]
[+ 4996 |     8 bytes | 0]
[+ 5004 |     4 bytes | 0]
[+ 5008 |    56 bytes | 0]
[+ 5064 |   188 bytes | 0]
[+ 5252 |    60 bytes | 0]
[+ 5312 |    64 bytes | 0]
[+ 5376 |   144 bytes | 0]
[+ 5520 |    48 bytes | 0]
[+ 5568 |   200 bytes | 0]
[+ 5768 |    60 bytes | 0]
[+ 5828 |    20 bytes | 0]
[+ 5848 |   204 bytes | 0]
[+ 6052 |    56 bytes | 0]
[+ 6108 |    76 bytes | 0]
[+ 6184 |   120 bytes | 0]
[+ 6304 |    92 bytes | 0]
[+ 6396 |    76 bytes | 0]
[+ 6472 |    72 bytes | 0]
[+ 6544 |   208 bytes | 0]
[+ 6752 |     4 bytes | 0]
[+ 6756 |    56 bytes | 0]
[+ 6812 |   160 bytes | 0]
[+ 6972 |   100 bytes | 0]
[+ 7072 |   196 bytes | 0]
[+ 7268 |     8 bytes | 0]
[+ 7276 |    96 bytes | 0]
[+ 7372 |   136 bytes | 0]
[+ 7508 |   208 bytes | 0]
[+ 7716 |     4 bytes | 0]
[+ 7720 |    16 bytes | 0]
[+ 7736 |    20 bytes | 0]
[+ 7756 |   104 bytes | 0]
[+ 7860 |     8 bytes | 0]
[+ 7868 |   208 bytes | 0]
[+ 8076 |    24 bytes | 0]
[+ 8100 |    32 bytes | 0]
[+ 8132 |    60 bytes | 0]


Heap Usage Statistics:
======================
Total Space: 8192 bytes
Total Occupied Partitions: 3
	Total Occupied Size: 320 bytes
Total Number of Holes: 150
	Total Hole Size: 7872 bytes
