Heap size 1024, #Req 15

********* Menu *********
Allocate= 1 <nInt>  | Deallocate = 2        |
Print Heap Meta = 3 | Print Heap Stat = 4 |
Print Entire Heap = 5 | Exit = 0
Your Choice => A: 20 integers = 80 bytes
A: Allocated at [0x55b40f112000], request idx [0]

********* Menu *********
Allocate= 1 <nInt>  | Deallocate = 2        |
Print Heap Meta = 3 | Print Heap Stat = 4 |
Print Entire Heap = 5 | Exit = 0
Your Choice => A: 20 integers = 80 bytes
A: Allocated at [0x55b40f112050], request idx [1]

********* Menu *********
Allocate= 1 <nInt>  | Deallocate = 2        |
Print Heap Meta = 3 | Print Heap Stat = 4 |
Print Entire Heap = 5 | Exit = 0
Your Choice => A: 20 integers = 80 bytes
A: Allocated at [0x55b40f1120a0], request idx [2]

********* Menu *********
Allocate= 1 <nInt>  | Deallocate = 2        |
Print Heap Meta = 3 | Print Heap Stat = 4 |
Print Entire Heap = 5 | Exit = 0
Your Choice => A: 20 integers = 80 bytes
A: Allocated at [0x55b40f1120f0], request idx [3]

********* Menu *********
Allocate= 1 <nInt>  | Deallocate = 2        |
Print Heap Meta = 3 | Print Heap Stat = 4 |
Print Entire Heap = 5 | Exit = 0
Your Choice => A: 20 integers = 80 bytes
A: Allocated at [0x55b40f112140], request idx [4]

********* Menu *********
Allocate= 1 <nInt>  | Deallocate = 2        |
Print Heap Meta = 3 | Print Heap Stat = 4 |
Print Entire Heap = 5 | Exit = 0
Your Choice => A: 20 integers = 80 bytes
A: Allocated at [0x55b40f112190], request idx [5]

********* Menu *********
Allocate= 1 <nInt>  | Deallocate = 2        |
Print Heap Meta = 3 | Print Heap Stat = 4 |
Print Entire Heap = 5 | Exit = 0
Your Choice => A: 20 integers = 80 bytes
A: Allocated at [0x55b40f1121e0], request idx [6]

********* Menu *********
Allocate= 1 <nInt>  | Deallocate = 2        |
Print Heap Meta = 3 | Print Heap Stat = 4 |
Print Entire Heap = 5 | Exit = 0
Your Choice => A: 20 integers = 80 bytes
A: Allocated at [0x55b40f112230], request idx [7]

********* Menu *********
Allocate= 1 <nInt>  | Deallocate = 2        |
Print Heap Meta = 3 | Print Heap Stat = 4 |
Print Entire Heap = 5 | Exit = 0
Your Choice => A: 20 integers = 80 bytes
A: Allocated at [0x55b40f112280], request idx [8]

********* Menu *********
Allocate= 1 <nInt>  | Deallocate = 2        |
Print Heap Meta = 3 | Print Heap Stat = 4 |
Print Entire Heap = 5 | Exit = 0
Your Choice => A: 20 integers = 80 bytes
A: Allocated at [0x55b40f1122d0], request idx [9]

********* Menu *********
Allocate= 1 <nInt>  | Deallocate = 2        |
Print Heap Meta = 3 | Print Heap Stat = 4 |
Print Entire Heap = 5 | Exit = 0
Your Choice => A: 20 integers = 80 bytes
A: Allocated at [0x55b40f112320], request idx [10]

********* Menu *********
Allocate= 1 <nInt>  | Deallocate = 2        |
Print Heap Meta = 3 | Print Heap Stat = 4 |
Print Entire Heap = 5 | Exit = 0
Your Choice => A: 20 integers = 80 bytes
A: Allocated at [0x55b40f112370], request idx [11]

********* Menu *********
Allocate= 1 <nInt>  | Deallocate = 2        |
Print Heap Meta = 3 | Print Heap Stat = 4 |
Print Entire Heap = 5 | Exit = 0
Your Choice => A: 20 integers = 80 bytes
A: FAILED

********* Menu *********
Allocate= 1 <nInt>  | Deallocate = 2        |
Print Heap Meta = 3 | Print Heap Stat = 4 |
Print Entire Heap = 5 | Exit = 0
Your Choice => A: 20 integers = 80 bytes
A: FAILED

********* Menu *********
Allocate= 1 <nInt>  | Deallocate = 2        |
Print Heap Meta = 3 | Print Heap Stat = 4 |
Print Entire Heap = 5 | Exit = 0
Your Choice => A: 20 integers = 80 bytes
A: FAILED

********* Menu *********
Allocate= 1 <nInt>  | Deallocate = 2        |
Print Heap Meta = 3 | Print Heap Stat = 4 |
Print Entire Heap = 5 | Exit = 0
Your Choice => Existing partitions:
   0 | Addr 0x55b40f112000 | nInt 20
   1 | Addr 0x55b40f112050 | nInt 20
   2 | Addr 0x55b40f1120a0 | nInt 20
   3 | Addr 0x55b40f1120f0 | nInt 20
   4 | Addr 0x55b40f112140 | nInt 20
   5 | Addr 0x55b40f112190 | nInt 20
   6 | Addr 0x55b40f1121e0 | nInt 20
   7 | Addr 0x55b40f112230 | nInt 20
   8 | Addr 0x55b40f112280 | nInt 20
   9 | Addr 0x55b40f1122d0 | nInt 20
  10 | Addr 0x55b40f112320 | nInt 20
  11 | Addr 0x55b40f112370 | nInt 20
Free partition <idx> = F: (nil) [S=0]

********* Menu *********
Allocate= 1 <nInt>  | Deallocate = 2        |
Print Heap Meta = 3 | Print Heap Stat = 4 |
Print Entire Heap = 5 | Exit = 0
Your Choice => Existing partitions:
   0 | Addr 0x55b40f112000 | nInt 20
   1 | Addr 0x55b40f112050 | nInt 20
   2 | Addr 0x55b40f1120a0 | nInt 20
   3 | Addr 0x55b40f1120f0 | nInt 20
   4 | Addr 0x55b40f112140 | nInt 20
   5 | Addr 0x55b40f112190 | nInt 20
   6 | Addr 0x55b40f1121e0 | nInt 20
   7 | Addr 0x55b40f112230 | nInt 20
   8 | Addr 0x55b40f112280 | nInt 20
   9 | Addr 0x55b40f1122d0 | nInt 20
  10 | Addr 0x55b40f112320 | nInt 20
  11 | Addr 0x55b40f112370 | nInt 20
Free partition <idx> = F: (nil) [S=0]

********* Menu *********
Allocate= 1 <nInt>  | Deallocate = 2        |
Print Heap Meta = 3 | Print Heap Stat = 4 |
Print Entire Heap = 5 | Exit = 0
Your Choice => Existing partitions:
   0 | Addr 0x55b40f112000 | nInt 20
   1 | Addr 0x55b40f112050 | nInt 20
   2 | Addr 0x55b40f1120a0 | nInt 20
   3 | Addr 0x55b40f1120f0 | nInt 20
   4 | Addr 0x55b40f112140 | nInt 20
   5 | Addr 0x55b40f112190 | nInt 20
   6 | Addr 0x55b40f1121e0 | nInt 20
   7 | Addr 0x55b40f112230 | nInt 20
   8 | Addr 0x55b40f112280 | nInt 20
   9 | Addr 0x55b40f1122d0 | nInt 20
  10 | Addr 0x55b40f112320 | nInt 20
  11 | Addr 0x55b40f112370 | nInt 20
Free partition <idx> = F: 0x55b40f112320 [S=80]

********* Menu *********
Allocate= 1 <nInt>  | Deallocate = 2        |
Print Heap Meta = 3 | Print Heap Stat = 4 |
Print Entire Heap = 5 | Exit = 0
Your Choice => Existing partitions:
   0 | Addr 0x55b40f112000 | nInt 20
   1 | Addr 0x55b40f112050 | nInt 20
   2 | Addr 0x55b40f1120a0 | nInt 20
   3 | Addr 0x55b40f1120f0 | nInt 20
   4 | Addr 0x55b40f112140 | nInt 20
   5 | Addr 0x55b40f112190 | nInt 20
   6 | Addr 0x55b40f1121e0 | nInt 20
   7 | Addr 0x55b40f112230 | nInt 20
   8 | Addr 0x55b40f112280 | nInt 20
   9 | Addr 0x55b40f1122d0 | nInt 20
  10 | Addr 0x55b40f112370 | nInt 20
Free partition <idx> = F: 0x55b40f112280 [S=80]

********* Menu *********
Allocate= 1 <nInt>  | Deallocate = 2        |
Print Heap Meta = 3 | Print Heap Stat = 4 |
Print Entire Heap = 5 | Exit = 0
Your Choice => Existing partitions:
   0 | Addr 0x55b40f112000 | nInt 20
   1 | Addr 0x55b40f112050 | nInt 20
   2 | Addr 0x55b40f1120a0 | nInt 20
   3 | Addr 0x55b40f1120f0 | nInt 20
   4 | Addr 0x55b40f112140 | nInt 20
   5 | Addr 0x55b40f112190 | nInt 20
   6 | Addr 0x55b40f1121e0 | nInt 20
   7 | Addr 0x55b40f112230 | nInt 20
   8 | Addr 0x55b40f1122d0 | nInt 20
   9 | Addr 0x55b40f112370 | nInt 20
Free partition <idx> = F: 0x55b40f1121e0 [S=80]

********* Menu *********
Allocate= 1 <nInt>  | Deallocate = 2        |
Print Heap Meta = 3 | Print Heap Stat = 4 |
Print Entire Heap = 5 | Exit = 0
Your Choice => Existing partitions:
   0 | Addr 0x55b40f112000 | nInt 20
   1 | Addr 0x55b40f112050 | nInt 20
   2 | Addr 0x55b40f1120a0 | nInt 20
   3 | Addr 0x55b40f1120f0 | nInt 20
   4 | Addr 0x55b40f112140 | nInt 20
   5 | Addr 0x55b40f112190 | nInt 20
   6 | Addr 0x55b40f112230 | nInt 20
   7 | Addr 0x55b40f1122d0 | nInt 20
   8 | Addr 0x55b40f112370 | nInt 20
Free partition <idx> = F: 0x55b40f112140 [S=80]

********* Menu *********
Allocate= 1 <nInt>  | Deallocate = 2        |
Print Heap Meta = 3 | Print Heap Stat = 4 |
Print Entire Heap = 5 | Exit = 0
Your Choice => Existing partitions:
   0 | Addr 0x55b40f112000 | nInt 20
   1 | Addr 0x55b40f112050 | nInt 20
   2 | Addr 0x55b40f1120a0 | nInt 20
   3 | Addr 0x55b40f1120f0 | nInt 20
   4 | Addr 0x55b40f112190 | nInt 20
   5 | Addr 0x55b40f112230 | nInt 20
   6 | Addr 0x55b40f1122d0 | nInt 20
   7 | Addr 0x55b40f112370 | nInt 20
Free partition <idx> = F: 0x55b40f1120a0 [S=80]

********* Menu *********
Allocate= 1 <nInt>  | Deallocate = 2        |
Print Heap Meta = 3 | Print Heap Stat = 4 |
Print Entire Heap = 5 | Exit = 0
Your Choice => Existing partitions:
   0 | Addr 0x55b40f112000 | nInt 20
   1 | Addr 0x55b40f112050 | nInt 20
   2 | Addr 0x55b40f1120f0 | nInt 20
   3 | Addr 0x55b40f112190 | nInt 20
   4 | Addr 0x55b40f112230 | nInt 20
   5 | Addr 0x55b40f1122d0 | nInt 20
   6 | Addr 0x55b40f112370 | nInt 20
Free partition <idx> = F: 0x55b40f112000 [S=80]

********* Menu *********
Allocate= 1 <nInt>  | Deallocate = 2        |
Print Heap Meta = 3 | Print Heap Stat = 4 |
Print Entire Heap = 5 | Exit = 0
Your Choice => 
Heap Meta Info:
===============
Total Size = 1024 bytes
Start Address = 0x55b40f112000
Partition list:
[+    0 |    80 bytes | 0]
[+   80 |    80 bytes | 1]
[+  160 |    80 bytes | 0]
[+  240 |    80 bytes | 1]
[+  320 |    80 bytes | 0]
[+  400 |    80 bytes | 1]
[+  480 |    80 bytes | 0]
[+  560 |    80 bytes | 1]
[+  640 |    80 bytes | 0]
[+  720 |    80 bytes | 1]
[+  800 |    80 bytes | 0]
[+  880 |    80 bytes | 1]
[+  960 |    64 bytes | 0]


********* Menu *********
Allocate= 1 <nInt>  | Deallocate = 2        |
Print Heap Meta = 3 | Print Heap Stat = 4 |
Print Entire Heap = 5 | Exit = 0
Your Choice => A: 20 integers = 80 bytes
A: Allocated at [0x55b40f112000], request idx [6]

********* Menu *********
Allocate= 1 <nInt>  | Deallocate = 2        |
Print Heap Meta = 3 | Print Heap Stat = 4 |
Print Entire Heap = 5 | Exit = 0
Your Choice => *Testing Done. Cleaning up!

Heap Meta Info:
===============
Total Size = 1024 bytes
Start Address = 0x55b40f112000
Partition list:
[+    0 |    80 bytes | 1]
[+   80 |    80 bytes | 1]
[+  160 |    80 bytes | 0]
[+  240 |    80 bytes | 1]
[+  320 |    80 bytes | 0]
[+  400 |    80 bytes | 1]
[+  480 |    80 bytes | 0]
[+  560 |    80 bytes | 1]
[+  640 |    80 bytes | 0]
[+  720 |    80 bytes | 1]
[+  800 |    80 bytes | 0]
[+  880 |    80 bytes | 1]
[+  960 |    64 bytes | 0]


Heap Usage Statistics:
======================
Total Space: 1024 bytes
Total Occupied Partitions: 7
	Total Occupied Size: 560 bytes
Total Number of Holes: 6
	Total Hole Size: 464 bytes
