Seed 1234, heap size 1200, MinPartSize 1, MaxPartSize 1024, #Req 0
S: minIdx[0] maxIdx[10]
Adding partition[+    0] at Level [10]
	Buddy [+    0] not found or cant merge!
Adding partition[+ 1024] at Level [7]
	Buddy [+ 1152] not found or cant merge!
Adding partition[+ 1152] at Level [5]
	Buddy [+ 1184] not found or cant merge!
Adding partition[+ 1184] at Level [4]
	Buddy [+ 1200] not found or cant merge!

Heap Meta Info:
===============
Total Size = 1200 bytes
Start Address = 0x56278c075000
A[10]: [+    0] 
A[9]: 
A[8]: 
A[7]: [+ 1024] 
A[6]: 
A[5]: [+ 1152] 
A[4]: [+ 1184] 
A[3]: 
A[2]: 
A[1]: 
A[0]: 
*Tester Done. Cleaning up!
[+    0] |       0       0       0       0
[+    4] |       0       0       0       0
[+    8] |       0       0       0       0
[+   12] |       0       0       0       0
[+   16] |       0       0       0       0
[+   20] |       0       0       0       0
[+   24] |       0       0       0       0
[+   28] |       0       0       0       0
[+   32] |       0       0       0       0
[+   36] |       0       0       0       0
[+   40] |       0       0       0       0
[+   44] |       0       0       0       0
[+   48] |       0       0       0       0
[+   52] |       0       0       0       0
[+   56] |       0       0       0       0
[+   60] |       0       0       0       0
[+   64] |       0       0       0       0
[+   68] |       0       0       0       0
[+   72] |       0       0       0       0
[+   76] |       0       0       0       0
[+   80] |       0       0       0       0
[+   84] |       0       0       0       0
[+   88] |       0       0       0       0
[+   92] |       0       0       0       0
[+   96] |       0       0       0       0
[+  100] |       0       0       0       0
[+  104] |       0       0       0       0
[+  108] |       0       0       0       0
[+  112] |       0       0       0       0
[+  116] |       0       0       0       0
[+  120] |       0       0       0       0
[+  124] |       0       0       0       0
[+  128] |       0       0       0       0
[+  132] |       0       0       0       0
[+  136] |       0       0       0       0
[+  140] |       0       0       0       0
[+  144] |       0       0       0       0
[+  148] |       0       0       0       0
[+  152] |       0       0       0       0
[+  156] |       0       0       0       0
[+  160] |       0       0       0       0
[+  164] |       0       0       0       0
[+  168] |       0       0       0       0
[+  172] |       0       0       0       0
[+  176] |       0       0       0       0
[+  180] |       0       0       0       0
[+  184] |       0       0       0       0
[+  188] |       0       0       0       0
[+  192] |       0       0       0       0
[+  196] |       0       0       0       0
[+  200] |       0       0       0       0
[+  204] |       0       0       0       0
[+  208] |       0       0       0       0
[+  212] |       0       0       0       0
[+  216] |       0       0       0       0
[+  220] |       0       0       0       0
[+  224] |       0       0       0       0
[+  228] |       0       0       0       0
[+  232] |       0       0       0       0
[+  236] |       0       0       0       0
[+  240] |       0       0       0       0
[+  244] |       0       0       0       0
[+  248] |       0       0       0       0
[+  252] |       0       0       0       0
[+  256] |       0       0       0       0
[+  260] |       0       0       0       0
[+  264] |       0       0       0       0
[+  268] |       0       0       0       0
[+  272] |       0       0       0       0
[+  276] |       0       0       0       0
[+  280] |       0       0       0       0
[+  284] |       0       0       0       0
[+  288] |       0       0       0       0
[+  292] |       0       0       0       0
[+  296] |       0       0       0       0

Heap Meta Info:
===============
Total Size = 1200 bytes
Start Address = 0x56278c075000
A[10]: [+    0] 
A[9]: 
A[8]: 
A[7]: [+ 1024] 
A[6]: 
A[5]: [+ 1152] 
A[4]: [+ 1184] 
A[3]: 
A[2]: 
A[1]: 
A[0]: 

Heap Usage Statistics:
======================
Total Space: 1200 bytes
Total Free Partitions: 4
Total Free Size: 1200 bytes
Total Internal Fragmentation: 0 bytes
