Seed 1234, heap size 4000, MinPartSize 16, MaxPartSize 1024, #Req 100
S: minIdx[4] maxIdx[10]
Adding partition[+    0] at Level [10]
	Buddy [+    0] not found or cant merge!
Adding partition[+ 1024] at Level [10]
	Buddy [+    0] not found or cant merge!
Adding partition[+ 2048] at Level [10]
	Buddy [+    0] not found or cant merge!
Adding partition[+ 3072] at Level [9]
	Buddy [+ 3584] not found or cant merge!
Adding partition[+ 3584] at Level [8]
	Buddy [+ 3840] not found or cant merge!
Adding partition[+ 3840] at Level [7]
	Buddy [+ 3968] not found or cant merge!
Adding partition[+ 3968] at Level [5]
	Buddy [+ 4000] not found or cant merge!

Heap Meta Info:
===============
Total Size = 4000 bytes
Start Address = 0x5633bb9be000
A[10]: [+    0] [+ 1024] [+ 2048] 
A[9]: [+ 3072] 
A[8]: [+ 3584] 
A[7]: [+ 3840] 
A[6]: 
A[5]: [+ 3968] 
A[4]: 
A[3]: 
A[2]: 
A[1]: 
A[0]: 
A: 64 integers
   0 | Addr 0x5633bb9bee00 | nInt 64

Heap Meta Info:
===============
Total Size = 4000 bytes
Start Address = 0x5633bb9be000
A[10]: [+    0] [+ 1024] [+ 2048] 
A[9]: [+ 3072] 
A[8]: 
A[7]: [+ 3840] 
A[6]: 
A[5]: [+ 3968] 
A[4]: 
A[3]: 
A[2]: 
A[1]: 
A[0]: 
A: 39 integers
Adding partition[+ 3328] at Level [8]
	Buddy [+ 3072] not found or cant merge!
   0 | Addr 0x5633bb9bee00 | nInt 64
   1 | Addr 0x5633bb9bec00 | nInt 39

Heap Meta Info:
===============
Total Size = 4000 bytes
Start Address = 0x5633bb9be000
A[10]: [+    0] [+ 1024] [+ 2048] 
A[9]: 
A[8]: [+ 3328] 
A[7]: [+ 3840] 
A[6]: 
A[5]: [+ 3968] 
A[4]: 
A[3]: 
A[2]: 
A[1]: 
A[0]: 
A: 55 integers
   0 | Addr 0x5633bb9bee00 | nInt 64
   1 | Addr 0x5633bb9bec00 | nInt 39
   2 | Addr 0x5633bb9bed00 | nInt 55

Heap Meta Info:
===============
Total Size = 4000 bytes
Start Address = 0x5633bb9be000
A[10]: [+    0] [+ 1024] [+ 2048] 
A[9]: 
A[8]: 
A[7]: [+ 3840] 
A[6]: 
A[5]: [+ 3968] 
A[4]: 
A[3]: 
A[2]: 
A[1]: 
A[0]: 
A: 67 integers
Adding partition[+  512] at Level [9]
	Buddy [+    0] not found or cant merge!
   0 | Addr 0x5633bb9bee00 | nInt 64
   1 | Addr 0x5633bb9bec00 | nInt 39
   2 | Addr 0x5633bb9bed00 | nInt 55
   3 | Addr 0x5633bb9be000 | nInt 67

Heap Meta Info:
===============
Total Size = 4000 bytes
Start Address = 0x5633bb9be000
A[10]: [+ 1024] [+ 2048] 
A[9]: [+  512] 
A[8]: 
A[7]: [+ 3840] 
A[6]: 
A[5]: [+ 3968] 
A[4]: 
A[3]: 
A[2]: 
A[1]: 
A[0]: 
A: 50 integers
Adding partition[+  768] at Level [8]
	Buddy [+  512] not found or cant merge!
   0 | Addr 0x5633bb9bee00 | nInt 64
   1 | Addr 0x5633bb9bec00 | nInt 39
   2 | Addr 0x5633bb9bed00 | nInt 55
   3 | Addr 0x5633bb9be000 | nInt 67
   4 | Addr 0x5633bb9be200 | nInt 50

Heap Meta Info:
===============
Total Size = 4000 bytes
Start Address = 0x5633bb9be000
A[10]: [+ 1024] [+ 2048] 
A[9]: 
A[8]: [+  768] 
A[7]: [+ 3840] 
A[6]: 
A[5]: [+ 3968] 
A[4]: 
A[3]: 
A[2]: 
A[1]: 
A[0]: 
A: 31 integers
   0 | Addr 0x5633bb9bee00 | nInt 64
   1 | Addr 0x5633bb9bec00 | nInt 39
   2 | Addr 0x5633bb9bed00 | nInt 55
   3 | Addr 0x5633bb9be000 | nInt 67
   4 | Addr 0x5633bb9be200 | nInt 50
   5 | Addr 0x5633bb9bef00 | nInt 31

Heap Meta Info:
===============
Total Size = 4000 bytes
Start Address = 0x5633bb9be000
A[10]: [+ 1024] [+ 2048] 
A[9]: 
A[8]: [+  768] 
A[7]: 
A[6]: 
A[5]: [+ 3968] 
A[4]: 
A[3]: 
A[2]: 
A[1]: 
A[0]: 
A: 35 integers
   0 | Addr 0x5633bb9bee00 | nInt 64
   1 | Addr 0x5633bb9bec00 | nInt 39
   2 | Addr 0x5633bb9bed00 | nInt 55
   3 | Addr 0x5633bb9be000 | nInt 67
   4 | Addr 0x5633bb9be200 | nInt 50
   5 | Addr 0x5633bb9bef00 | nInt 31
   6 | Addr 0x5633bb9be300 | nInt 35

Heap Meta Info:
===============
Total Size = 4000 bytes
Start Address = 0x5633bb9be000
A[10]: [+ 1024] [+ 2048] 
A[9]: 
A[8]: 
A[7]: 
A[6]: 
A[5]: [+ 3968] 
A[4]: 
A[3]: 
A[2]: 
A[1]: 
A[0]: 
A: 18 integers
Adding partition[+ 1536] at Level [9]
	Buddy [+ 1024] not found or cant merge!
Adding partition[+ 1280] at Level [8]
	Buddy [+ 1024] not found or cant merge!
Adding partition[+ 1152] at Level [7]
	Buddy [+ 1024] not found or cant merge!
   0 | Addr 0x5633bb9bee00 | nInt 64
   1 | Addr 0x5633bb9bec00 | nInt 39
   2 | Addr 0x5633bb9bed00 | nInt 55
   3 | Addr 0x5633bb9be000 | nInt 67
   4 | Addr 0x5633bb9be200 | nInt 50
   5 | Addr 0x5633bb9bef00 | nInt 31
   6 | Addr 0x5633bb9be300 | nInt 35
   7 | Addr 0x5633bb9be400 | nInt 18

Heap Meta Info:
===============
Total Size = 4000 bytes
Start Address = 0x5633bb9be000
A[10]: [+ 2048] 
A[9]: [+ 1536] 
A[8]: [+ 1280] 
A[7]: [+ 1152] 
A[6]: 
A[5]: [+ 3968] 
A[4]: 
A[3]: 
A[2]: 
A[1]: 
A[0]: 
A: 42 integers
   0 | Addr 0x5633bb9bee00 | nInt 64
   1 | Addr 0x5633bb9bec00 | nInt 39
   2 | Addr 0x5633bb9bed00 | nInt 55
   3 | Addr 0x5633bb9be000 | nInt 67
   4 | Addr 0x5633bb9be200 | nInt 50
   5 | Addr 0x5633bb9bef00 | nInt 31
   6 | Addr 0x5633bb9be300 | nInt 35
   7 | Addr 0x5633bb9be400 | nInt 18
   8 | Addr 0x5633bb9be500 | nInt 42

Heap Meta Info:
===============
Total Size = 4000 bytes
Start Address = 0x5633bb9be000
A[10]: [+ 2048] 
A[9]: [+ 1536] 
A[8]: 
A[7]: [+ 1152] 
A[6]: 
A[5]: [+ 3968] 
A[4]: 
A[3]: 
A[2]: 
A[1]: 
A[0]: 
A: 23 integers
   0 | Addr 0x5633bb9bee00 | nInt 64
   1 | Addr 0x5633bb9bec00 | nInt 39
   2 | Addr 0x5633bb9bed00 | nInt 55
   3 | Addr 0x5633bb9be000 | nInt 67
   4 | Addr 0x5633bb9be200 | nInt 50
   5 | Addr 0x5633bb9bef00 | nInt 31
   6 | Addr 0x5633bb9be300 | nInt 35
   7 | Addr 0x5633bb9be400 | nInt 18
   8 | Addr 0x5633bb9be500 | nInt 42
   9 | Addr 0x5633bb9be480 | nInt 23

Heap Meta Info:
===============
Total Size = 4000 bytes
Start Address = 0x5633bb9be000
A[10]: [+ 2048] 
A[9]: [+ 1536] 
A[8]: 
A[7]: 
A[6]: 
A[5]: [+ 3968] 
A[4]: 
A[3]: 
A[2]: 
A[1]: 
A[0]: 
F: 0x5633bb9bec00 [S=10, R=1]
Adding partition[+ 3072] at Level [8]
	Buddy [+ 3328] not found or cant merge!
   0 | Addr 0x5633bb9bee00 | nInt 64
   1 | Addr 0x5633bb9bed00 | nInt 55
   2 | Addr 0x5633bb9be000 | nInt 67
   3 | Addr 0x5633bb9be200 | nInt 50
   4 | Addr 0x5633bb9bef00 | nInt 31
   5 | Addr 0x5633bb9be300 | nInt 35
   6 | Addr 0x5633bb9be400 | nInt 18
   7 | Addr 0x5633bb9be500 | nInt 42
   8 | Addr 0x5633bb9be480 | nInt 23

Heap Meta Info:
===============
Total Size = 4000 bytes
Start Address = 0x5633bb9be000
A[10]: [+ 2048] 
A[9]: [+ 1536] 
A[8]: [+ 3072] 
A[7]: 
A[6]: 
A[5]: [+ 3968] 
A[4]: 
A[3]: 
A[2]: 
A[1]: 
A[0]: 
F: 0x5633bb9be000 [S=9, R=2]
Adding partition[+    0] at Level [9]
	Buddy [+  512] not found or cant merge!
Inserting before [+ 1536]
   0 | Addr 0x5633bb9bee00 | nInt 64
   1 | Addr 0x5633bb9bed00 | nInt 55
   2 | Addr 0x5633bb9be200 | nInt 50
   3 | Addr 0x5633bb9bef00 | nInt 31
   4 | Addr 0x5633bb9be300 | nInt 35
   5 | Addr 0x5633bb9be400 | nInt 18
   6 | Addr 0x5633bb9be500 | nInt 42
   7 | Addr 0x5633bb9be480 | nInt 23

Heap Meta Info:
===============
Total Size = 4000 bytes
Start Address = 0x5633bb9be000
A[10]: [+ 2048] 
A[9]: [+    0] [+ 1536] 
A[8]: [+ 3072] 
A[7]: 
A[6]: 
A[5]: [+ 3968] 
A[4]: 
A[3]: 
A[2]: 
A[1]: 
A[0]: 
F: 0x5633bb9bef00 [S=8, R=3]
Adding partition[+ 3840] at Level [7]
	Buddy [+ 3968] not found or cant merge!
   0 | Addr 0x5633bb9bee00 | nInt 64
   1 | Addr 0x5633bb9bed00 | nInt 55
   2 | Addr 0x5633bb9be200 | nInt 50
   3 | Addr 0x5633bb9be300 | nInt 35
   4 | Addr 0x5633bb9be400 | nInt 18
   5 | Addr 0x5633bb9be500 | nInt 42
   6 | Addr 0x5633bb9be480 | nInt 23

Heap Meta Info:
===============
Total Size = 4000 bytes
Start Address = 0x5633bb9be000
A[10]: [+ 2048] 
A[9]: [+    0] [+ 1536] 
A[8]: [+ 3072] 
A[7]: [+ 3840] 
A[6]: 
A[5]: [+ 3968] 
A[4]: 
A[3]: 
A[2]: 
A[1]: 
A[0]: 
F: 0x5633bb9be300 [S=7, R=3]
Adding partition[+  768] at Level [8]
	Buddy [+  512] not found or cant merge!
Inserting before [+ 3072]
   0 | Addr 0x5633bb9bee00 | nInt 64
   1 | Addr 0x5633bb9bed00 | nInt 55
   2 | Addr 0x5633bb9be200 | nInt 50
   3 | Addr 0x5633bb9be400 | nInt 18
   4 | Addr 0x5633bb9be500 | nInt 42
   5 | Addr 0x5633bb9be480 | nInt 23

Heap Meta Info:
===============
Total Size = 4000 bytes
Start Address = 0x5633bb9be000
A[10]: [+ 2048] 
A[9]: [+    0] [+ 1536] 
A[8]: [+  768] [+ 3072] 
A[7]: [+ 3840] 
A[6]: 
A[5]: [+ 3968] 
A[4]: 
A[3]: 
A[2]: 
A[1]: 
A[0]: 
F: 0x5633bb9be400 [S=6, R=3]
Adding partition[+ 1024] at Level [7]
	Buddy [+ 1152] not found or cant merge!
Inserting before [+ 3840]
   0 | Addr 0x5633bb9bee00 | nInt 64
   1 | Addr 0x5633bb9bed00 | nInt 55
   2 | Addr 0x5633bb9be200 | nInt 50
   3 | Addr 0x5633bb9be500 | nInt 42
   4 | Addr 0x5633bb9be480 | nInt 23

Heap Meta Info:
===============
Total Size = 4000 bytes
Start Address = 0x5633bb9be000
A[10]: [+ 2048] 
A[9]: [+    0] [+ 1536] 
A[8]: [+  768] [+ 3072] 
A[7]: [+ 1024] [+ 3840] 
A[6]: 
A[5]: [+ 3968] 
A[4]: 
A[3]: 
A[2]: 
A[1]: 
A[0]: 
A: 54 integers
   0 | Addr 0x5633bb9bee00 | nInt 64
   1 | Addr 0x5633bb9bed00 | nInt 55
   2 | Addr 0x5633bb9be200 | nInt 50
   3 | Addr 0x5633bb9be500 | nInt 42
   4 | Addr 0x5633bb9be480 | nInt 23
   5 | Addr 0x5633bb9be300 | nInt 54

Heap Meta Info:
===============
Total Size = 4000 bytes
Start Address = 0x5633bb9be000
A[10]: [+ 2048] 
A[9]: [+    0] [+ 1536] 
A[8]: [+ 3072] 
A[7]: [+ 1024] [+ 3840] 
A[6]: 
A[5]: [+ 3968] 
A[4]: 
A[3]: 
A[2]: 
A[1]: 
A[0]: 
A: 29 integers
   0 | Addr 0x5633bb9bee00 | nInt 64
   1 | Addr 0x5633bb9bed00 | nInt 55
   2 | Addr 0x5633bb9be200 | nInt 50
   3 | Addr 0x5633bb9be500 | nInt 42
   4 | Addr 0x5633bb9be480 | nInt 23
   5 | Addr 0x5633bb9be300 | nInt 54
   6 | Addr 0x5633bb9be400 | nInt 29

Heap Meta Info:
===============
Total Size = 4000 bytes
Start Address = 0x5633bb9be000
A[10]: [+ 2048] 
A[9]: [+    0] [+ 1536] 
A[8]: [+ 3072] 
A[7]: [+ 3840] 
A[6]: 
A[5]: [+ 3968] 
A[4]: 
A[3]: 
A[2]: 
A[1]: 
A[0]: 
F: 0x5633bb9bed00 [S=7, R=1]
Adding partition[+ 3328] at Level [8]
	Buddy [+ 3072] found!
Adding partition[+ 3072] at Level [9]
	Buddy [+ 3584] not found or cant merge!
   0 | Addr 0x5633bb9bee00 | nInt 64
   1 | Addr 0x5633bb9be200 | nInt 50
   2 | Addr 0x5633bb9be500 | nInt 42
   3 | Addr 0x5633bb9be480 | nInt 23
   4 | Addr 0x5633bb9be300 | nInt 54
   5 | Addr 0x5633bb9be400 | nInt 29

Heap Meta Info:
===============
Total Size = 4000 bytes
Start Address = 0x5633bb9be000
A[10]: [+ 2048] 
A[9]: [+    0] [+ 1536] [+ 3072] 
A[8]: 
A[7]: [+ 3840] 
A[6]: 
A[5]: [+ 3968] 
A[4]: 
A[3]: 
A[2]: 
A[1]: 
A[0]: 
A: 62 integers
Adding partition[+  256] at Level [8]
	Buddy [+    0] not found or cant merge!
   0 | Addr 0x5633bb9bee00 | nInt 64
   1 | Addr 0x5633bb9be200 | nInt 50
   2 | Addr 0x5633bb9be500 | nInt 42
   3 | Addr 0x5633bb9be480 | nInt 23
   4 | Addr 0x5633bb9be300 | nInt 54
   5 | Addr 0x5633bb9be400 | nInt 29
   6 | Addr 0x5633bb9be000 | nInt 62

Heap Meta Info:
===============
Total Size = 4000 bytes
Start Address = 0x5633bb9be000
A[10]: [+ 2048] 
A[9]: [+ 1536] [+ 3072] 
A[8]: [+  256] 
A[7]: [+ 3840] 
A[6]: 
A[5]: [+ 3968] 
A[4]: 
A[3]: 
A[2]: 
A[1]: 
A[0]: 
A: 36 integers
   0 | Addr 0x5633bb9bee00 | nInt 64
   1 | Addr 0x5633bb9be200 | nInt 50
   2 | Addr 0x5633bb9be500 | nInt 42
   3 | Addr 0x5633bb9be480 | nInt 23
   4 | Addr 0x5633bb9be300 | nInt 54
   5 | Addr 0x5633bb9be400 | nInt 29
   6 | Addr 0x5633bb9be000 | nInt 62
   7 | Addr 0x5633bb9be100 | nInt 36

Heap Meta Info:
===============
Total Size = 4000 bytes
Start Address = 0x5633bb9be000
A[10]: [+ 2048] 
A[9]: [+ 1536] [+ 3072] 
A[8]: 
A[7]: [+ 3840] 
A[6]: 
A[5]: [+ 3968] 
A[4]: 
A[3]: 
A[2]: 
A[1]: 
A[0]: 
F: 0x5633bb9be500 [S=8, R=2]
Adding partition[+ 1280] at Level [8]
	Buddy [+ 1024] not found or cant merge!
   0 | Addr 0x5633bb9bee00 | nInt 64
   1 | Addr 0x5633bb9be200 | nInt 50
   2 | Addr 0x5633bb9be480 | nInt 23
   3 | Addr 0x5633bb9be300 | nInt 54
   4 | Addr 0x5633bb9be400 | nInt 29
   5 | Addr 0x5633bb9be000 | nInt 62
   6 | Addr 0x5633bb9be100 | nInt 36

Heap Meta Info:
===============
Total Size = 4000 bytes
Start Address = 0x5633bb9be000
A[10]: [+ 2048] 
A[9]: [+ 1536] [+ 3072] 
A[8]: [+ 1280] 
A[7]: [+ 3840] 
A[6]: 
A[5]: [+ 3968] 
A[4]: 
A[3]: 
A[2]: 
A[1]: 
A[0]: 
F: 0x5633bb9be400 [S=7, R=4]
Adding partition[+ 1024] at Level [7]
	Buddy [+ 1152] not found or cant merge!
Inserting before [+ 3840]
   0 | Addr 0x5633bb9bee00 | nInt 64
   1 | Addr 0x5633bb9be200 | nInt 50
   2 | Addr 0x5633bb9be480 | nInt 23
   3 | Addr 0x5633bb9be300 | nInt 54
   4 | Addr 0x5633bb9be000 | nInt 62
   5 | Addr 0x5633bb9be100 | nInt 36

Heap Meta Info:
===============
Total Size = 4000 bytes
Start Address = 0x5633bb9be000
A[10]: [+ 2048] 
A[9]: [+ 1536] [+ 3072] 
A[8]: [+ 1280] 
A[7]: [+ 1024] [+ 3840] 
A[6]: 
A[5]: [+ 3968] 
A[4]: 
A[3]: 
A[2]: 
A[1]: 
A[0]: 
F: 0x5633bb9be300 [S=6, R=3]
Adding partition[+  768] at Level [8]
	Buddy [+  512] not found or cant merge!
Inserting before [+ 1280]
   0 | Addr 0x5633bb9bee00 | nInt 64
   1 | Addr 0x5633bb9be200 | nInt 50
   2 | Addr 0x5633bb9be480 | nInt 23
   3 | Addr 0x5633bb9be000 | nInt 62
   4 | Addr 0x5633bb9be100 | nInt 36

Heap Meta Info:
===============
Total Size = 4000 bytes
Start Address = 0x5633bb9be000
A[10]: [+ 2048] 
A[9]: [+ 1536] [+ 3072] 
A[8]: [+  768] [+ 1280] 
A[7]: [+ 1024] [+ 3840] 
A[6]: 
A[5]: [+ 3968] 
A[4]: 
A[3]: 
A[2]: 
A[1]: 
A[0]: 
A: 25 integers
   0 | Addr 0x5633bb9bee00 | nInt 64
   1 | Addr 0x5633bb9be200 | nInt 50
   2 | Addr 0x5633bb9be480 | nInt 23
   3 | Addr 0x5633bb9be000 | nInt 62
   4 | Addr 0x5633bb9be100 | nInt 36
   5 | Addr 0x5633bb9be400 | nInt 25

Heap Meta Info:
===============
Total Size = 4000 bytes
Start Address = 0x5633bb9be000
A[10]: [+ 2048] 
A[9]: [+ 1536] [+ 3072] 
A[8]: [+  768] [+ 1280] 
A[7]: [+ 3840] 
A[6]: 
A[5]: [+ 3968] 
A[4]: 
A[3]: 
A[2]: 
A[1]: 
A[0]: 
F: 0x5633bb9bee00 [S=6, R=0]
Adding partition[+ 3584] at Level [8]
	Buddy [+ 3840] not found or cant merge!
   0 | Addr 0x5633bb9be200 | nInt 50
   1 | Addr 0x5633bb9be480 | nInt 23
   2 | Addr 0x5633bb9be000 | nInt 62
   3 | Addr 0x5633bb9be100 | nInt 36
   4 | Addr 0x5633bb9be400 | nInt 25

Heap Meta Info:
===============
Total Size = 4000 bytes
Start Address = 0x5633bb9be000
A[10]: [+ 2048] 
A[9]: [+ 1536] [+ 3072] 
A[8]: [+  768] [+ 1280] [+ 3584] 
A[7]: [+ 3840] 
A[6]: 
A[5]: [+ 3968] 
A[4]: 
A[3]: 
A[2]: 
A[1]: 
A[0]: 
A: 91 integers
   0 | Addr 0x5633bb9be200 | nInt 50
   1 | Addr 0x5633bb9be480 | nInt 23
   2 | Addr 0x5633bb9be000 | nInt 62
   3 | Addr 0x5633bb9be100 | nInt 36
   4 | Addr 0x5633bb9be400 | nInt 25
   5 | Addr 0x5633bb9be600 | nInt 91

Heap Meta Info:
===============
Total Size = 4000 bytes
Start Address = 0x5633bb9be000
A[10]: [+ 2048] 
A[9]: [+ 3072] 
A[8]: [+  768] [+ 1280] [+ 3584] 
A[7]: [+ 3840] 
A[6]: 
A[5]: [+ 3968] 
A[4]: 
A[3]: 
A[2]: 
A[1]: 
A[0]: 
F: 0x5633bb9be400 [S=6, R=4]
Adding partition[+ 1024] at Level [7]
	Buddy [+ 1152] not found or cant merge!
Inserting before [+ 3840]
   0 | Addr 0x5633bb9be200 | nInt 50
   1 | Addr 0x5633bb9be480 | nInt 23
   2 | Addr 0x5633bb9be000 | nInt 62
   3 | Addr 0x5633bb9be100 | nInt 36
   4 | Addr 0x5633bb9be600 | nInt 91

Heap Meta Info:
===============
Total Size = 4000 bytes
Start Address = 0x5633bb9be000
A[10]: [+ 2048] 
A[9]: [+ 3072] 
A[8]: [+  768] [+ 1280] [+ 3584] 
A[7]: [+ 1024] [+ 3840] 
A[6]: 
A[5]: [+ 3968] 
A[4]: 
A[3]: 
A[2]: 
A[1]: 
A[0]: 
F: 0x5633bb9be480 [S=5, R=1]
Adding partition[+ 1152] at Level [7]
	Buddy [+ 1024] found!
Adding partition[+ 1024] at Level [8]
	Buddy [+ 1280] found!
Adding partition[+ 1024] at Level [9]
	Buddy [+ 1536] not found or cant merge!
Inserting before [+ 3072]
   0 | Addr 0x5633bb9be200 | nInt 50
   1 | Addr 0x5633bb9be000 | nInt 62
   2 | Addr 0x5633bb9be100 | nInt 36
   3 | Addr 0x5633bb9be600 | nInt 91

Heap Meta Info:
===============
Total Size = 4000 bytes
Start Address = 0x5633bb9be000
A[10]: [+ 2048] 
A[9]: [+ 1024] [+ 3072] 
A[8]: [+  768] [+ 3584] 
A[7]: [+ 3840] 
A[6]: 
A[5]: [+ 3968] 
A[4]: 
A[3]: 
A[2]: 
A[1]: 
A[0]: 
A: 62 integers
   0 | Addr 0x5633bb9be200 | nInt 50
   1 | Addr 0x5633bb9be000 | nInt 62
   2 | Addr 0x5633bb9be100 | nInt 36
   3 | Addr 0x5633bb9be600 | nInt 91
   4 | Addr 0x5633bb9be300 | nInt 62

Heap Meta Info:
===============
Total Size = 4000 bytes
Start Address = 0x5633bb9be000
A[10]: [+ 2048] 
A[9]: [+ 1024] [+ 3072] 
A[8]: [+ 3584] 
A[7]: [+ 3840] 
A[6]: 
A[5]: [+ 3968] 
A[4]: 
A[3]: 
A[2]: 
A[1]: 
A[0]: 
A: 46 integers
   0 | Addr 0x5633bb9be200 | nInt 50
   1 | Addr 0x5633bb9be000 | nInt 62
   2 | Addr 0x5633bb9be100 | nInt 36
   3 | Addr 0x5633bb9be600 | nInt 91
   4 | Addr 0x5633bb9be300 | nInt 62
   5 | Addr 0x5633bb9bee00 | nInt 46

Heap Meta Info:
===============
Total Size = 4000 bytes
Start Address = 0x5633bb9be000
A[10]: [+ 2048] 
A[9]: [+ 1024] [+ 3072] 
A[8]: 
A[7]: [+ 3840] 
A[6]: 
A[5]: [+ 3968] 
A[4]: 
A[3]: 
A[2]: 
A[1]: 
A[0]: 
A: 44 integers
Adding partition[+ 1280] at Level [8]
	Buddy [+ 1024] not found or cant merge!
   0 | Addr 0x5633bb9be200 | nInt 50
   1 | Addr 0x5633bb9be000 | nInt 62
   2 | Addr 0x5633bb9be100 | nInt 36
   3 | Addr 0x5633bb9be600 | nInt 91
   4 | Addr 0x5633bb9be300 | nInt 62
   5 | Addr 0x5633bb9bee00 | nInt 46
   6 | Addr 0x5633bb9be400 | nInt 44

Heap Meta Info:
===============
Total Size = 4000 bytes
Start Address = 0x5633bb9be000
A[10]: [+ 2048] 
A[9]: [+ 3072] 
A[8]: [+ 1280] 
A[7]: [+ 3840] 
A[6]: 
A[5]: [+ 3968] 
A[4]: 
A[3]: 
A[2]: 
A[1]: 
A[0]: 
F: 0x5633bb9be600 [S=7, R=3]
Adding partition[+ 1536] at Level [9]
	Buddy [+ 1024] not found or cant merge!
Inserting before [+ 3072]
   0 | Addr 0x5633bb9be200 | nInt 50
   1 | Addr 0x5633bb9be000 | nInt 62
   2 | Addr 0x5633bb9be100 | nInt 36
   3 | Addr 0x5633bb9be300 | nInt 62
   4 | Addr 0x5633bb9bee00 | nInt 46
   5 | Addr 0x5633bb9be400 | nInt 44

Heap Meta Info:
===============
Total Size = 4000 bytes
Start Address = 0x5633bb9be000
A[10]: [+ 2048] 
A[9]: [+ 1536] [+ 3072] 
A[8]: [+ 1280] 
A[7]: [+ 3840] 
A[6]: 
A[5]: [+ 3968] 
A[4]: 
A[3]: 
A[2]: 
A[1]: 
A[0]: 
F: 0x5633bb9be000 [S=6, R=1]
Adding partition[+    0] at Level [8]
	Buddy [+  256] not found or cant merge!
Inserting before [+ 1280]
   0 | Addr 0x5633bb9be200 | nInt 50
   1 | Addr 0x5633bb9be100 | nInt 36
   2 | Addr 0x5633bb9be300 | nInt 62
   3 | Addr 0x5633bb9bee00 | nInt 46
   4 | Addr 0x5633bb9be400 | nInt 44

Heap Meta Info:
===============
Total Size = 4000 bytes
Start Address = 0x5633bb9be000
A[10]: [+ 2048] 
A[9]: [+ 1536] [+ 3072] 
A[8]: [+    0] [+ 1280] 
A[7]: [+ 3840] 
A[6]: 
A[5]: [+ 3968] 
A[4]: 
A[3]: 
A[2]: 
A[1]: 
A[0]: 
A: 51 integers
   0 | Addr 0x5633bb9be200 | nInt 50
   1 | Addr 0x5633bb9be100 | nInt 36
   2 | Addr 0x5633bb9be300 | nInt 62
   3 | Addr 0x5633bb9bee00 | nInt 46
   4 | Addr 0x5633bb9be400 | nInt 44
   5 | Addr 0x5633bb9be000 | nInt 51

Heap Meta Info:
===============
Total Size = 4000 bytes
Start Address = 0x5633bb9be000
A[10]: [+ 2048] 
A[9]: [+ 1536] [+ 3072] 
A[8]: [+ 1280] 
A[7]: [+ 3840] 
A[6]: 
A[5]: [+ 3968] 
A[4]: 
A[3]: 
A[2]: 
A[1]: 
A[0]: 
A: 53 integers
   0 | Addr 0x5633bb9be200 | nInt 50
   1 | Addr 0x5633bb9be100 | nInt 36
   2 | Addr 0x5633bb9be300 | nInt 62
   3 | Addr 0x5633bb9bee00 | nInt 46
   4 | Addr 0x5633bb9be400 | nInt 44
   5 | Addr 0x5633bb9be000 | nInt 51
   6 | Addr 0x5633bb9be500 | nInt 53

Heap Meta Info:
===============
Total Size = 4000 bytes
Start Address = 0x5633bb9be000
A[10]: [+ 2048] 
A[9]: [+ 1536] [+ 3072] 
A[8]: 
A[7]: [+ 3840] 
A[6]: 
A[5]: [+ 3968] 
A[4]: 
A[3]: 
A[2]: 
A[1]: 
A[0]: 
F: 0x5633bb9be200 [S=7, R=0]
Adding partition[+  512] at Level [8]
	Buddy [+  768] not found or cant merge!
   0 | Addr 0x5633bb9be100 | nInt 36
   1 | Addr 0x5633bb9be300 | nInt 62
   2 | Addr 0x5633bb9bee00 | nInt 46
   3 | Addr 0x5633bb9be400 | nInt 44
   4 | Addr 0x5633bb9be000 | nInt 51
   5 | Addr 0x5633bb9be500 | nInt 53

Heap Meta Info:
===============
Total Size = 4000 bytes
Start Address = 0x5633bb9be000
A[10]: [+ 2048] 
A[9]: [+ 1536] [+ 3072] 
A[8]: [+  512] 
A[7]: [+ 3840] 
A[6]: 
A[5]: [+ 3968] 
A[4]: 
A[3]: 
A[2]: 
A[1]: 
A[0]: 
F: 0x5633bb9be100 [S=6, R=0]
Adding partition[+  256] at Level [8]
	Buddy [+    0] not found or cant merge!
Inserting before [+  512]
   0 | Addr 0x5633bb9be300 | nInt 62
   1 | Addr 0x5633bb9bee00 | nInt 46
   2 | Addr 0x5633bb9be400 | nInt 44
   3 | Addr 0x5633bb9be000 | nInt 51
   4 | Addr 0x5633bb9be500 | nInt 53

Heap Meta Info:
===============
Total Size = 4000 bytes
Start Address = 0x5633bb9be000
A[10]: [+ 2048] 
A[9]: [+ 1536] [+ 3072] 
A[8]: [+  256] [+  512] 
A[7]: [+ 3840] 
A[6]: 
A[5]: [+ 3968] 
A[4]: 
A[3]: 
A[2]: 
A[1]: 
A[0]: 
A: 27 integers
   0 | Addr 0x5633bb9be300 | nInt 62
   1 | Addr 0x5633bb9bee00 | nInt 46
   2 | Addr 0x5633bb9be400 | nInt 44
   3 | Addr 0x5633bb9be000 | nInt 51
   4 | Addr 0x5633bb9be500 | nInt 53
   5 | Addr 0x5633bb9bef00 | nInt 27

Heap Meta Info:
===============
Total Size = 4000 bytes
Start Address = 0x5633bb9be000
A[10]: [+ 2048] 
A[9]: [+ 1536] [+ 3072] 
A[8]: [+  256] [+  512] 
A[7]: 
A[6]: 
A[5]: [+ 3968] 
A[4]: 
A[3]: 
A[2]: 
A[1]: 
A[0]: 
F: 0x5633bb9be400 [S=6, R=2]
Adding partition[+ 1024] at Level [8]
	Buddy [+ 1280] not found or cant merge!
   0 | Addr 0x5633bb9be300 | nInt 62
   1 | Addr 0x5633bb9bee00 | nInt 46
   2 | Addr 0x5633bb9be000 | nInt 51
   3 | Addr 0x5633bb9be500 | nInt 53
   4 | Addr 0x5633bb9bef00 | nInt 27

Heap Meta Info:
===============
Total Size = 4000 bytes
Start Address = 0x5633bb9be000
A[10]: [+ 2048] 
A[9]: [+ 1536] [+ 3072] 
A[8]: [+  256] [+  512] [+ 1024] 
A[7]: 
A[6]: 
A[5]: [+ 3968] 
A[4]: 
A[3]: 
A[2]: 
A[1]: 
A[0]: 
F: 0x5633bb9be000 [S=5, R=2]
Adding partition[+    0] at Level [8]
	Buddy [+  256] found!
Adding partition[+    0] at Level [9]
	Buddy [+  512] not found or cant merge!
Inserting before [+ 1536]
   0 | Addr 0x5633bb9be300 | nInt 62
   1 | Addr 0x5633bb9bee00 | nInt 46
   2 | Addr 0x5633bb9be500 | nInt 53
   3 | Addr 0x5633bb9bef00 | nInt 27

Heap Meta Info:
===============
Total Size = 4000 bytes
Start Address = 0x5633bb9be000
A[10]: [+ 2048] 
A[9]: [+    0] [+ 1536] [+ 3072] 
A[8]: [+  512] [+ 1024] 
A[7]: 
A[6]: 
A[5]: [+ 3968] 
A[4]: 
A[3]: 
A[2]: 
A[1]: 
A[0]: 
A: 47 integers
   0 | Addr 0x5633bb9be300 | nInt 62
   1 | Addr 0x5633bb9bee00 | nInt 46
   2 | Addr 0x5633bb9be500 | nInt 53
   3 | Addr 0x5633bb9bef00 | nInt 27
   4 | Addr 0x5633bb9be200 | nInt 47

Heap Meta Info:
===============
Total Size = 4000 bytes
Start Address = 0x5633bb9be000
A[10]: [+ 2048] 
A[9]: [+    0] [+ 1536] [+ 3072] 
A[8]: [+ 1024] 
A[7]: 
A[6]: 
A[5]: [+ 3968] 
A[4]: 
A[3]: 
A[2]: 
A[1]: 
A[0]: 
A: 30 integers
Adding partition[+ 1152] at Level [7]
	Buddy [+ 1024] not found or cant merge!
   0 | Addr 0x5633bb9be300 | nInt 62
   1 | Addr 0x5633bb9bee00 | nInt 46
   2 | Addr 0x5633bb9be500 | nInt 53
   3 | Addr 0x5633bb9bef00 | nInt 27
   4 | Addr 0x5633bb9be200 | nInt 47
   5 | Addr 0x5633bb9be400 | nInt 30

Heap Meta Info:
===============
Total Size = 4000 bytes
Start Address = 0x5633bb9be000
A[10]: [+ 2048] 
A[9]: [+    0] [+ 1536] [+ 3072] 
A[8]: 
A[7]: [+ 1152] 
A[6]: 
A[5]: [+ 3968] 
A[4]: 
A[3]: 
A[2]: 
A[1]: 
A[0]: 
A: 65 integers
   0 | Addr 0x5633bb9be300 | nInt 62
   1 | Addr 0x5633bb9bee00 | nInt 46
   2 | Addr 0x5633bb9be500 | nInt 53
   3 | Addr 0x5633bb9bef00 | nInt 27
   4 | Addr 0x5633bb9be200 | nInt 47
   5 | Addr 0x5633bb9be400 | nInt 30
   6 | Addr 0x5633bb9be000 | nInt 65

Heap Meta Info:
===============
Total Size = 4000 bytes
Start Address = 0x5633bb9be000
A[10]: [+ 2048] 
A[9]: [+ 1536] [+ 3072] 
A[8]: 
A[7]: [+ 1152] 
A[6]: 
A[5]: [+ 3968] 
A[4]: 
A[3]: 
A[2]: 
A[1]: 
A[0]: 
A: 85 integers
   0 | Addr 0x5633bb9be300 | nInt 62
   1 | Addr 0x5633bb9bee00 | nInt 46
   2 | Addr 0x5633bb9be500 | nInt 53
   3 | Addr 0x5633bb9bef00 | nInt 27
   4 | Addr 0x5633bb9be200 | nInt 47
   5 | Addr 0x5633bb9be400 | nInt 30
   6 | Addr 0x5633bb9be000 | nInt 65
   7 | Addr 0x5633bb9be600 | nInt 85

Heap Meta Info:
===============
Total Size = 4000 bytes
Start Address = 0x5633bb9be000
A[10]: [+ 2048] 
A[9]: [+ 3072] 
A[8]: 
A[7]: [+ 1152] 
A[6]: 
A[5]: [+ 3968] 
A[4]: 
A[3]: 
A[2]: 
A[1]: 
A[0]: 
F: 0x5633bb9be300 [S=8, R=0]
Adding partition[+  768] at Level [8]
	Buddy [+  512] not found or cant merge!
   0 | Addr 0x5633bb9bee00 | nInt 46
   1 | Addr 0x5633bb9be500 | nInt 53
   2 | Addr 0x5633bb9bef00 | nInt 27
   3 | Addr 0x5633bb9be200 | nInt 47
   4 | Addr 0x5633bb9be400 | nInt 30
   5 | Addr 0x5633bb9be000 | nInt 65
   6 | Addr 0x5633bb9be600 | nInt 85

Heap Meta Info:
===============
Total Size = 4000 bytes
Start Address = 0x5633bb9be000
A[10]: [+ 2048] 
A[9]: [+ 3072] 
A[8]: [+  768] 
A[7]: [+ 1152] 
A[6]: 
A[5]: [+ 3968] 
A[4]: 
A[3]: 
A[2]: 
A[1]: 
A[0]: 
F: 0x5633bb9be400 [S=7, R=4]
Adding partition[+ 1024] at Level [7]
	Buddy [+ 1152] found!
Adding partition[+ 1024] at Level [8]
	Buddy [+ 1280] not found or cant merge!
   0 | Addr 0x5633bb9bee00 | nInt 46
   1 | Addr 0x5633bb9be500 | nInt 53
   2 | Addr 0x5633bb9bef00 | nInt 27
   3 | Addr 0x5633bb9be200 | nInt 47
   4 | Addr 0x5633bb9be000 | nInt 65
   5 | Addr 0x5633bb9be600 | nInt 85

Heap Meta Info:
===============
Total Size = 4000 bytes
Start Address = 0x5633bb9be000
A[10]: [+ 2048] 
A[9]: [+ 3072] 
A[8]: [+  768] [+ 1024] 
A[7]: 
A[6]: 
A[5]: [+ 3968] 
A[4]: 
A[3]: 
A[2]: 
A[1]: 
A[0]: 
F: 0x5633bb9be200 [S=6, R=3]
Adding partition[+  512] at Level [8]
	Buddy [+  768] found!
Adding partition[+  512] at Level [9]
	Buddy [+    0] not found or cant merge!
Inserting before [+ 3072]
   0 | Addr 0x5633bb9bee00 | nInt 46
   1 | Addr 0x5633bb9be500 | nInt 53
   2 | Addr 0x5633bb9bef00 | nInt 27
   3 | Addr 0x5633bb9be000 | nInt 65
   4 | Addr 0x5633bb9be600 | nInt 85

Heap Meta Info:
===============
Total Size = 4000 bytes
Start Address = 0x5633bb9be000
A[10]: [+ 2048] 
A[9]: [+  512] [+ 3072] 
A[8]: [+ 1024] 
A[7]: 
A[6]: 
A[5]: [+ 3968] 
A[4]: 
A[3]: 
A[2]: 
A[1]: 
A[0]: 
A: 35 integers
   0 | Addr 0x5633bb9bee00 | nInt 46
   1 | Addr 0x5633bb9be500 | nInt 53
   2 | Addr 0x5633bb9bef00 | nInt 27
   3 | Addr 0x5633bb9be000 | nInt 65
   4 | Addr 0x5633bb9be600 | nInt 85
   5 | Addr 0x5633bb9be400 | nInt 35

Heap Meta Info:
===============
Total Size = 4000 bytes
Start Address = 0x5633bb9be000
A[10]: [+ 2048] 
A[9]: [+  512] [+ 3072] 
A[8]: 
A[7]: 
A[6]: 
A[5]: [+ 3968] 
A[4]: 
A[3]: 
A[2]: 
A[1]: 
A[0]: 
A: 16 integers
Adding partition[+  768] at Level [8]
	Buddy [+  512] not found or cant merge!
Adding partition[+  640] at Level [7]
	Buddy [+  512] not found or cant merge!
Adding partition[+  576] at Level [6]
	Buddy [+  512] not found or cant merge!
   0 | Addr 0x5633bb9bee00 | nInt 46
   1 | Addr 0x5633bb9be500 | nInt 53
   2 | Addr 0x5633bb9bef00 | nInt 27
   3 | Addr 0x5633bb9be000 | nInt 65
   4 | Addr 0x5633bb9be600 | nInt 85
   5 | Addr 0x5633bb9be400 | nInt 35
   6 | Addr 0x5633bb9be200 | nInt 16

Heap Meta Info:
===============
Total Size = 4000 bytes
Start Address = 0x5633bb9be000
A[10]: [+ 2048] 
A[9]: [+ 3072] 
A[8]: [+  768] 
A[7]: [+  640] 
A[6]: [+  576] 
A[5]: [+ 3968] 
A[4]: 
A[3]: 
A[2]: 
A[1]: 
A[0]: 
A: 41 integers
   0 | Addr 0x5633bb9bee00 | nInt 46
   1 | Addr 0x5633bb9be500 | nInt 53
   2 | Addr 0x5633bb9bef00 | nInt 27
   3 | Addr 0x5633bb9be000 | nInt 65
   4 | Addr 0x5633bb9be600 | nInt 85
   5 | Addr 0x5633bb9be400 | nInt 35
   6 | Addr 0x5633bb9be200 | nInt 16
   7 | Addr 0x5633bb9be300 | nInt 41

Heap Meta Info:
===============
Total Size = 4000 bytes
Start Address = 0x5633bb9be000
A[10]: [+ 2048] 
A[9]: [+ 3072] 
A[8]: 
A[7]: [+  640] 
A[6]: [+  576] 
A[5]: [+ 3968] 
A[4]: 
A[3]: 
A[2]: 
A[1]: 
A[0]: 
A: 67 integers
   0 | Addr 0x5633bb9bee00 | nInt 46
   1 | Addr 0x5633bb9be500 | nInt 53
   2 | Addr 0x5633bb9bef00 | nInt 27
   3 | Addr 0x5633bb9be000 | nInt 65
   4 | Addr 0x5633bb9be600 | nInt 85
   5 | Addr 0x5633bb9be400 | nInt 35
   6 | Addr 0x5633bb9be200 | nInt 16
   7 | Addr 0x5633bb9be300 | nInt 41
   8 | Addr 0x5633bb9bec00 | nInt 67

Heap Meta Info:
===============
Total Size = 4000 bytes
Start Address = 0x5633bb9be000
A[10]: [+ 2048] 
A[9]: 
A[8]: 
A[7]: [+  640] 
A[6]: [+  576] 
A[5]: [+ 3968] 
A[4]: 
A[3]: 
A[2]: 
A[1]: 
A[0]: 
F: 0x5633bb9be000 [S=9, R=3]
Adding partition[+    0] at Level [9]
	Buddy [+  512] not found or cant merge!
   0 | Addr 0x5633bb9bee00 | nInt 46
   1 | Addr 0x5633bb9be500 | nInt 53
   2 | Addr 0x5633bb9bef00 | nInt 27
   3 | Addr 0x5633bb9be600 | nInt 85
   4 | Addr 0x5633bb9be400 | nInt 35
   5 | Addr 0x5633bb9be200 | nInt 16
   6 | Addr 0x5633bb9be300 | nInt 41
   7 | Addr 0x5633bb9bec00 | nInt 67

Heap Meta Info:
===============
Total Size = 4000 bytes
Start Address = 0x5633bb9be000
A[10]: [+ 2048] 
A[9]: [+    0] 
A[8]: 
A[7]: [+  640] 
A[6]: [+  576] 
A[5]: [+ 3968] 
A[4]: 
A[3]: 
A[2]: 
A[1]: 
A[0]: 
A: 53 integers
Adding partition[+  256] at Level [8]
	Buddy [+    0] not found or cant merge!
   0 | Addr 0x5633bb9bee00 | nInt 46
   1 | Addr 0x5633bb9be500 | nInt 53
   2 | Addr 0x5633bb9bef00 | nInt 27
   3 | Addr 0x5633bb9be600 | nInt 85
   4 | Addr 0x5633bb9be400 | nInt 35
   5 | Addr 0x5633bb9be200 | nInt 16
   6 | Addr 0x5633bb9be300 | nInt 41
   7 | Addr 0x5633bb9bec00 | nInt 67
   8 | Addr 0x5633bb9be000 | nInt 53

Heap Meta Info:
===============
Total Size = 4000 bytes
Start Address = 0x5633bb9be000
A[10]: [+ 2048] 
A[9]: 
A[8]: [+  256] 
A[7]: [+  640] 
A[6]: [+  576] 
A[5]: [+ 3968] 
A[4]: 
A[3]: 
A[2]: 
A[1]: 
A[0]: 
A: 23 integers
   0 | Addr 0x5633bb9bee00 | nInt 46
   1 | Addr 0x5633bb9be500 | nInt 53
   2 | Addr 0x5633bb9bef00 | nInt 27
   3 | Addr 0x5633bb9be600 | nInt 85
   4 | Addr 0x5633bb9be400 | nInt 35
   5 | Addr 0x5633bb9be200 | nInt 16
   6 | Addr 0x5633bb9be300 | nInt 41
   7 | Addr 0x5633bb9bec00 | nInt 67
   8 | Addr 0x5633bb9be000 | nInt 53
   9 | Addr 0x5633bb9be280 | nInt 23

Heap Meta Info:
===============
Total Size = 4000 bytes
Start Address = 0x5633bb9be000
A[10]: [+ 2048] 
A[9]: 
A[8]: [+  256] 
A[7]: 
A[6]: [+  576] 
A[5]: [+ 3968] 
A[4]: 
A[3]: 
A[2]: 
A[1]: 
A[0]: 
A: 23 integers
Adding partition[+  384] at Level [7]
	Buddy [+  256] not found or cant merge!
   0 | Addr 0x5633bb9bee00 | nInt 46
   1 | Addr 0x5633bb9be500 | nInt 53
   2 | Addr 0x5633bb9bef00 | nInt 27
   3 | Addr 0x5633bb9be600 | nInt 85
   4 | Addr 0x5633bb9be400 | nInt 35
   5 | Addr 0x5633bb9be200 | nInt 16
   6 | Addr 0x5633bb9be300 | nInt 41
   7 | Addr 0x5633bb9bec00 | nInt 67
   8 | Addr 0x5633bb9be000 | nInt 53
   9 | Addr 0x5633bb9be280 | nInt 23
  10 | Addr 0x5633bb9be100 | nInt 23

Heap Meta Info:
===============
Total Size = 4000 bytes
Start Address = 0x5633bb9be000
A[10]: [+ 2048] 
A[9]: 
A[8]: 
A[7]: [+  384] 
A[6]: [+  576] 
A[5]: [+ 3968] 
A[4]: 
A[3]: 
A[2]: 
A[1]: 
A[0]: 
A: 45 integers
Adding partition[+ 2560] at Level [9]
	Buddy [+ 2048] not found or cant merge!
Adding partition[+ 2304] at Level [8]
	Buddy [+ 2048] not found or cant merge!
   0 | Addr 0x5633bb9bee00 | nInt 46
   1 | Addr 0x5633bb9be500 | nInt 53
   2 | Addr 0x5633bb9bef00 | nInt 27
   3 | Addr 0x5633bb9be600 | nInt 85
   4 | Addr 0x5633bb9be400 | nInt 35
   5 | Addr 0x5633bb9be200 | nInt 16
   6 | Addr 0x5633bb9be300 | nInt 41
   7 | Addr 0x5633bb9bec00 | nInt 67
   8 | Addr 0x5633bb9be000 | nInt 53
   9 | Addr 0x5633bb9be280 | nInt 23
  10 | Addr 0x5633bb9be100 | nInt 23
  11 | Addr 0x5633bb9be800 | nInt 45

Heap Meta Info:
===============
Total Size = 4000 bytes
Start Address = 0x5633bb9be000
A[10]: 
A[9]: [+ 2560] 
A[8]: [+ 2304] 
A[7]: [+  384] 
A[6]: [+  576] 
A[5]: [+ 3968] 
A[4]: 
A[3]: 
A[2]: 
A[1]: 
A[0]: 
A: 83 integers
   0 | Addr 0x5633bb9bee00 | nInt 46
   1 | Addr 0x5633bb9be500 | nInt 53
   2 | Addr 0x5633bb9bef00 | nInt 27
   3 | Addr 0x5633bb9be600 | nInt 85
   4 | Addr 0x5633bb9be400 | nInt 35
   5 | Addr 0x5633bb9be200 | nInt 16
   6 | Addr 0x5633bb9be300 | nInt 41
   7 | Addr 0x5633bb9bec00 | nInt 67
   8 | Addr 0x5633bb9be000 | nInt 53
   9 | Addr 0x5633bb9be280 | nInt 23
  10 | Addr 0x5633bb9be100 | nInt 23
  11 | Addr 0x5633bb9be800 | nInt 45
  12 | Addr 0x5633bb9bea00 | nInt 83

Heap Meta Info:
===============
Total Size = 4000 bytes
Start Address = 0x5633bb9be000
A[10]: 
A[9]: 
A[8]: [+ 2304] 
A[7]: [+  384] 
A[6]: [+  576] 
A[5]: [+ 3968] 
A[4]: 
A[3]: 
A[2]: 
A[1]: 
A[0]: 
A: 95 integers
   0 | Addr 0x5633bb9bee00 | nInt 46
   1 | Addr 0x5633bb9be500 | nInt 53
   2 | Addr 0x5633bb9bef00 | nInt 27
   3 | Addr 0x5633bb9be600 | nInt 85
   4 | Addr 0x5633bb9be400 | nInt 35
   5 | Addr 0x5633bb9be200 | nInt 16
   6 | Addr 0x5633bb9be300 | nInt 41
   7 | Addr 0x5633bb9bec00 | nInt 67
   8 | Addr 0x5633bb9be000 | nInt 53
   9 | Addr 0x5633bb9be280 | nInt 23
  10 | Addr 0x5633bb9be100 | nInt 23
  11 | Addr 0x5633bb9be800 | nInt 45
  12 | Addr 0x5633bb9bea00 | nInt 83

Heap Meta Info:
===============
Total Size = 4000 bytes
Start Address = 0x5633bb9be000
A[10]: 
A[9]: 
A[8]: [+ 2304] 
A[7]: [+  384] 
A[6]: [+  576] 
A[5]: [+ 3968] 
A[4]: 
A[3]: 
A[2]: 
A[1]: 
A[0]: 
F: 0x5633bb9bea00 [S=13, R=12]
Adding partition[+ 2560] at Level [9]
	Buddy [+ 2048] not found or cant merge!
   0 | Addr 0x5633bb9bee00 | nInt 46
   1 | Addr 0x5633bb9be500 | nInt 53
   2 | Addr 0x5633bb9bef00 | nInt 27
   3 | Addr 0x5633bb9be600 | nInt 85
   4 | Addr 0x5633bb9be400 | nInt 35
   5 | Addr 0x5633bb9be200 | nInt 16
   6 | Addr 0x5633bb9be300 | nInt 41
   7 | Addr 0x5633bb9bec00 | nInt 67
   8 | Addr 0x5633bb9be000 | nInt 53
   9 | Addr 0x5633bb9be280 | nInt 23
  10 | Addr 0x5633bb9be100 | nInt 23
  11 | Addr 0x5633bb9be800 | nInt 45

Heap Meta Info:
===============
Total Size = 4000 bytes
Start Address = 0x5633bb9be000
A[10]: 
A[9]: [+ 2560] 
A[8]: [+ 2304] 
A[7]: [+  384] 
A[6]: [+  576] 
A[5]: [+ 3968] 
A[4]: 
A[3]: 
A[2]: 
A[1]: 
A[0]: 
A: 28 integers
   0 | Addr 0x5633bb9bee00 | nInt 46
   1 | Addr 0x5633bb9be500 | nInt 53
   2 | Addr 0x5633bb9bef00 | nInt 27
   3 | Addr 0x5633bb9be600 | nInt 85
   4 | Addr 0x5633bb9be400 | nInt 35
   5 | Addr 0x5633bb9be200 | nInt 16
   6 | Addr 0x5633bb9be300 | nInt 41
   7 | Addr 0x5633bb9bec00 | nInt 67
   8 | Addr 0x5633bb9be000 | nInt 53
   9 | Addr 0x5633bb9be280 | nInt 23
  10 | Addr 0x5633bb9be100 | nInt 23
  11 | Addr 0x5633bb9be800 | nInt 45
  12 | Addr 0x5633bb9be180 | nInt 28

Heap Meta Info:
===============
Total Size = 4000 bytes
Start Address = 0x5633bb9be000
A[10]: 
A[9]: [+ 2560] 
A[8]: [+ 2304] 
A[7]: 
A[6]: [+  576] 
A[5]: [+ 3968] 
A[4]: 
A[3]: 
A[2]: 
A[1]: 
A[0]: 
A: 63 integers
   0 | Addr 0x5633bb9bee00 | nInt 46
   1 | Addr 0x5633bb9be500 | nInt 53
   2 | Addr 0x5633bb9bef00 | nInt 27
   3 | Addr 0x5633bb9be600 | nInt 85
   4 | Addr 0x5633bb9be400 | nInt 35
   5 | Addr 0x5633bb9be200 | nInt 16
   6 | Addr 0x5633bb9be300 | nInt 41
   7 | Addr 0x5633bb9bec00 | nInt 67
   8 | Addr 0x5633bb9be000 | nInt 53
   9 | Addr 0x5633bb9be280 | nInt 23
  10 | Addr 0x5633bb9be100 | nInt 23
  11 | Addr 0x5633bb9be800 | nInt 45
  12 | Addr 0x5633bb9be180 | nInt 28
  13 | Addr 0x5633bb9be900 | nInt 63

Heap Meta Info:
===============
Total Size = 4000 bytes
Start Address = 0x5633bb9be000
A[10]: 
A[9]: [+ 2560] 
A[8]: 
A[7]: 
A[6]: [+  576] 
A[5]: [+ 3968] 
A[4]: 
A[3]: 
A[2]: 
A[1]: 
A[0]: 
A: 76 integers
   0 | Addr 0x5633bb9bee00 | nInt 46
   1 | Addr 0x5633bb9be500 | nInt 53
   2 | Addr 0x5633bb9bef00 | nInt 27
   3 | Addr 0x5633bb9be600 | nInt 85
   4 | Addr 0x5633bb9be400 | nInt 35
   5 | Addr 0x5633bb9be200 | nInt 16
   6 | Addr 0x5633bb9be300 | nInt 41
   7 | Addr 0x5633bb9bec00 | nInt 67
   8 | Addr 0x5633bb9be000 | nInt 53
   9 | Addr 0x5633bb9be280 | nInt 23
  10 | Addr 0x5633bb9be100 | nInt 23
  11 | Addr 0x5633bb9be800 | nInt 45
  12 | Addr 0x5633bb9be180 | nInt 28
  13 | Addr 0x5633bb9be900 | nInt 63
  14 | Addr 0x5633bb9bea00 | nInt 76

Heap Meta Info:
===============
Total Size = 4000 bytes
Start Address = 0x5633bb9be000
A[10]: 
A[9]: 
A[8]: 
A[7]: 
A[6]: [+  576] 
A[5]: [+ 3968] 
A[4]: 
A[3]: 
A[2]: 
A[1]: 
A[0]: 
A: 65 integers
   0 | Addr 0x5633bb9bee00 | nInt 46
   1 | Addr 0x5633bb9be500 | nInt 53
   2 | Addr 0x5633bb9bef00 | nInt 27
   3 | Addr 0x5633bb9be600 | nInt 85
   4 | Addr 0x5633bb9be400 | nInt 35
   5 | Addr 0x5633bb9be200 | nInt 16
   6 | Addr 0x5633bb9be300 | nInt 41
   7 | Addr 0x5633bb9bec00 | nInt 67
   8 | Addr 0x5633bb9be000 | nInt 53
   9 | Addr 0x5633bb9be280 | nInt 23
  10 | Addr 0x5633bb9be100 | nInt 23
  11 | Addr 0x5633bb9be800 | nInt 45
  12 | Addr 0x5633bb9be180 | nInt 28
  13 | Addr 0x5633bb9be900 | nInt 63
  14 | Addr 0x5633bb9bea00 | nInt 76

Heap Meta Info:
===============
Total Size = 4000 bytes
Start Address = 0x5633bb9be000
A[10]: 
A[9]: 
A[8]: 
A[7]: 
A[6]: [+  576] 
A[5]: [+ 3968] 
A[4]: 
A[3]: 
A[2]: 
A[1]: 
A[0]: 
F: 0x5633bb9be900 [S=15, R=13]
Adding partition[+ 2304] at Level [8]
	Buddy [+ 2048] not found or cant merge!
   0 | Addr 0x5633bb9bee00 | nInt 46
   1 | Addr 0x5633bb9be500 | nInt 53
   2 | Addr 0x5633bb9bef00 | nInt 27
   3 | Addr 0x5633bb9be600 | nInt 85
   4 | Addr 0x5633bb9be400 | nInt 35
   5 | Addr 0x5633bb9be200 | nInt 16
   6 | Addr 0x5633bb9be300 | nInt 41
   7 | Addr 0x5633bb9bec00 | nInt 67
   8 | Addr 0x5633bb9be000 | nInt 53
   9 | Addr 0x5633bb9be280 | nInt 23
  10 | Addr 0x5633bb9be100 | nInt 23
  11 | Addr 0x5633bb9be800 | nInt 45
  12 | Addr 0x5633bb9be180 | nInt 28
  13 | Addr 0x5633bb9bea00 | nInt 76

Heap Meta Info:
===============
Total Size = 4000 bytes
Start Address = 0x5633bb9be000
A[10]: 
A[9]: 
A[8]: [+ 2304] 
A[7]: 
A[6]: [+  576] 
A[5]: [+ 3968] 
A[4]: 
A[3]: 
A[2]: 
A[1]: 
A[0]: 
F: 0x5633bb9bea00 [S=14, R=13]
Adding partition[+ 2560] at Level [9]
	Buddy [+ 2048] not found or cant merge!
   0 | Addr 0x5633bb9bee00 | nInt 46
   1 | Addr 0x5633bb9be500 | nInt 53
   2 | Addr 0x5633bb9bef00 | nInt 27
   3 | Addr 0x5633bb9be600 | nInt 85
   4 | Addr 0x5633bb9be400 | nInt 35
   5 | Addr 0x5633bb9be200 | nInt 16
   6 | Addr 0x5633bb9be300 | nInt 41
   7 | Addr 0x5633bb9bec00 | nInt 67
   8 | Addr 0x5633bb9be000 | nInt 53
   9 | Addr 0x5633bb9be280 | nInt 23
  10 | Addr 0x5633bb9be100 | nInt 23
  11 | Addr 0x5633bb9be800 | nInt 45
  12 | Addr 0x5633bb9be180 | nInt 28

Heap Meta Info:
===============
Total Size = 4000 bytes
Start Address = 0x5633bb9be000
A[10]: 
A[9]: [+ 2560] 
A[8]: [+ 2304] 
A[7]: 
A[6]: [+  576] 
A[5]: [+ 3968] 
A[4]: 
A[3]: 
A[2]: 
A[1]: 
A[0]: 
A: 45 integers
   0 | Addr 0x5633bb9bee00 | nInt 46
   1 | Addr 0x5633bb9be500 | nInt 53
   2 | Addr 0x5633bb9bef00 | nInt 27
   3 | Addr 0x5633bb9be600 | nInt 85
   4 | Addr 0x5633bb9be400 | nInt 35
   5 | Addr 0x5633bb9be200 | nInt 16
   6 | Addr 0x5633bb9be300 | nInt 41
   7 | Addr 0x5633bb9bec00 | nInt 67
   8 | Addr 0x5633bb9be000 | nInt 53
   9 | Addr 0x5633bb9be280 | nInt 23
  10 | Addr 0x5633bb9be100 | nInt 23
  11 | Addr 0x5633bb9be800 | nInt 45
  12 | Addr 0x5633bb9be180 | nInt 28
  13 | Addr 0x5633bb9be900 | nInt 45

Heap Meta Info:
===============
Total Size = 4000 bytes
Start Address = 0x5633bb9be000
A[10]: 
A[9]: [+ 2560] 
A[8]: 
A[7]: 
A[6]: [+  576] 
A[5]: [+ 3968] 
A[4]: 
A[3]: 
A[2]: 
A[1]: 
A[0]: 
A: 19 integers
Adding partition[+ 2816] at Level [8]
	Buddy [+ 2560] not found or cant merge!
Adding partition[+ 2688] at Level [7]
	Buddy [+ 2560] not found or cant merge!
   0 | Addr 0x5633bb9bee00 | nInt 46
   1 | Addr 0x5633bb9be500 | nInt 53
   2 | Addr 0x5633bb9bef00 | nInt 27
   3 | Addr 0x5633bb9be600 | nInt 85
   4 | Addr 0x5633bb9be400 | nInt 35
   5 | Addr 0x5633bb9be200 | nInt 16
   6 | Addr 0x5633bb9be300 | nInt 41
   7 | Addr 0x5633bb9bec00 | nInt 67
   8 | Addr 0x5633bb9be000 | nInt 53
   9 | Addr 0x5633bb9be280 | nInt 23
  10 | Addr 0x5633bb9be100 | nInt 23
  11 | Addr 0x5633bb9be800 | nInt 45
  12 | Addr 0x5633bb9be180 | nInt 28
  13 | Addr 0x5633bb9be900 | nInt 45
  14 | Addr 0x5633bb9bea00 | nInt 19

Heap Meta Info:
===============
Total Size = 4000 bytes
Start Address = 0x5633bb9be000
A[10]: 
A[9]: 
A[8]: [+ 2816] 
A[7]: [+ 2688] 
A[6]: [+  576] 
A[5]: [+ 3968] 
A[4]: 
A[3]: 
A[2]: 
A[1]: 
A[0]: 
F: 0x5633bb9be100 [S=15, R=10]
Adding partition[+  256] at Level [7]
	Buddy [+  384] not found or cant merge!
Inserting before [+ 2688]
   0 | Addr 0x5633bb9bee00 | nInt 46
   1 | Addr 0x5633bb9be500 | nInt 53
   2 | Addr 0x5633bb9bef00 | nInt 27
   3 | Addr 0x5633bb9be600 | nInt 85
   4 | Addr 0x5633bb9be400 | nInt 35
   5 | Addr 0x5633bb9be200 | nInt 16
   6 | Addr 0x5633bb9be300 | nInt 41
   7 | Addr 0x5633bb9bec00 | nInt 67
   8 | Addr 0x5633bb9be000 | nInt 53
   9 | Addr 0x5633bb9be280 | nInt 23
  10 | Addr 0x5633bb9be800 | nInt 45
  11 | Addr 0x5633bb9be180 | nInt 28
  12 | Addr 0x5633bb9be900 | nInt 45
  13 | Addr 0x5633bb9bea00 | nInt 19

Heap Meta Info:
===============
Total Size = 4000 bytes
Start Address = 0x5633bb9be000
A[10]: 
A[9]: 
A[8]: [+ 2816] 
A[7]: [+  256] [+ 2688] 
A[6]: [+  576] 
A[5]: [+ 3968] 
A[4]: 
A[3]: 
A[2]: 
A[1]: 
A[0]: 
A: 13 integers
   0 | Addr 0x5633bb9bee00 | nInt 46
   1 | Addr 0x5633bb9be500 | nInt 53
   2 | Addr 0x5633bb9bef00 | nInt 27
   3 | Addr 0x5633bb9be600 | nInt 85
   4 | Addr 0x5633bb9be400 | nInt 35
   5 | Addr 0x5633bb9be200 | nInt 16
   6 | Addr 0x5633bb9be300 | nInt 41
   7 | Addr 0x5633bb9bec00 | nInt 67
   8 | Addr 0x5633bb9be000 | nInt 53
   9 | Addr 0x5633bb9be280 | nInt 23
  10 | Addr 0x5633bb9be800 | nInt 45
  11 | Addr 0x5633bb9be180 | nInt 28
  12 | Addr 0x5633bb9be900 | nInt 45
  13 | Addr 0x5633bb9bea00 | nInt 19
  14 | Addr 0x5633bb9be240 | nInt 13

Heap Meta Info:
===============
Total Size = 4000 bytes
Start Address = 0x5633bb9be000
A[10]: 
A[9]: 
A[8]: [+ 2816] 
A[7]: [+  256] [+ 2688] 
A[6]: 
A[5]: [+ 3968] 
A[4]: 
A[3]: 
A[2]: 
A[1]: 
A[0]: 
A: 25 integers
   0 | Addr 0x5633bb9bee00 | nInt 46
   1 | Addr 0x5633bb9be500 | nInt 53
   2 | Addr 0x5633bb9bef00 | nInt 27
   3 | Addr 0x5633bb9be600 | nInt 85
   4 | Addr 0x5633bb9be400 | nInt 35
   5 | Addr 0x5633bb9be200 | nInt 16
   6 | Addr 0x5633bb9be300 | nInt 41
   7 | Addr 0x5633bb9bec00 | nInt 67
   8 | Addr 0x5633bb9be000 | nInt 53
   9 | Addr 0x5633bb9be280 | nInt 23
  10 | Addr 0x5633bb9be800 | nInt 45
  11 | Addr 0x5633bb9be180 | nInt 28
  12 | Addr 0x5633bb9be900 | nInt 45
  13 | Addr 0x5633bb9bea00 | nInt 19
  14 | Addr 0x5633bb9be240 | nInt 13
  15 | Addr 0x5633bb9be100 | nInt 25

Heap Meta Info:
===============
Total Size = 4000 bytes
Start Address = 0x5633bb9be000
A[10]: 
A[9]: 
A[8]: [+ 2816] 
A[7]: [+ 2688] 
A[6]: 
A[5]: [+ 3968] 
A[4]: 
A[3]: 
A[2]: 
A[1]: 
A[0]: 
F: 0x5633bb9be400 [S=16, R=4]
Adding partition[+ 1024] at Level [8]
	Buddy [+ 1280] not found or cant merge!
Inserting before [+ 2816]
   0 | Addr 0x5633bb9bee00 | nInt 46
   1 | Addr 0x5633bb9be500 | nInt 53
   2 | Addr 0x5633bb9bef00 | nInt 27
   3 | Addr 0x5633bb9be600 | nInt 85
   4 | Addr 0x5633bb9be200 | nInt 16
   5 | Addr 0x5633bb9be300 | nInt 41
   6 | Addr 0x5633bb9bec00 | nInt 67
   7 | Addr 0x5633bb9be000 | nInt 53
   8 | Addr 0x5633bb9be280 | nInt 23
   9 | Addr 0x5633bb9be800 | nInt 45
  10 | Addr 0x5633bb9be180 | nInt 28
  11 | Addr 0x5633bb9be900 | nInt 45
  12 | Addr 0x5633bb9bea00 | nInt 19
  13 | Addr 0x5633bb9be240 | nInt 13
  14 | Addr 0x5633bb9be100 | nInt 25

Heap Meta Info:
===============
Total Size = 4000 bytes
Start Address = 0x5633bb9be000
A[10]: 
A[9]: 
A[8]: [+ 1024] [+ 2816] 
A[7]: [+ 2688] 
A[6]: 
A[5]: [+ 3968] 
A[4]: 
A[3]: 
A[2]: 
A[1]: 
A[0]: 
F: 0x5633bb9bec00 [S=15, R=6]
Adding partition[+ 3072] at Level [9]
	Buddy [+ 3584] not found or cant merge!
   0 | Addr 0x5633bb9bee00 | nInt 46
   1 | Addr 0x5633bb9be500 | nInt 53
   2 | Addr 0x5633bb9bef00 | nInt 27
   3 | Addr 0x5633bb9be600 | nInt 85
   4 | Addr 0x5633bb9be200 | nInt 16
   5 | Addr 0x5633bb9be300 | nInt 41
   6 | Addr 0x5633bb9be000 | nInt 53
   7 | Addr 0x5633bb9be280 | nInt 23
   8 | Addr 0x5633bb9be800 | nInt 45
   9 | Addr 0x5633bb9be180 | nInt 28
  10 | Addr 0x5633bb9be900 | nInt 45
  11 | Addr 0x5633bb9bea00 | nInt 19
  12 | Addr 0x5633bb9be240 | nInt 13
  13 | Addr 0x5633bb9be100 | nInt 25

Heap Meta Info:
===============
Total Size = 4000 bytes
Start Address = 0x5633bb9be000
A[10]: 
A[9]: [+ 3072] 
A[8]: [+ 1024] [+ 2816] 
A[7]: [+ 2688] 
A[6]: 
A[5]: [+ 3968] 
A[4]: 
A[3]: 
A[2]: 
A[1]: 
A[0]: 
F: 0x5633bb9be500 [S=14, R=1]
Adding partition[+ 1280] at Level [8]
	Buddy [+ 1024] found!
Adding partition[+ 1024] at Level [9]
	Buddy [+ 1536] not found or cant merge!
Inserting before [+ 3072]
   0 | Addr 0x5633bb9bee00 | nInt 46
   1 | Addr 0x5633bb9bef00 | nInt 27
   2 | Addr 0x5633bb9be600 | nInt 85
   3 | Addr 0x5633bb9be200 | nInt 16
   4 | Addr 0x5633bb9be300 | nInt 41
   5 | Addr 0x5633bb9be000 | nInt 53
   6 | Addr 0x5633bb9be280 | nInt 23
   7 | Addr 0x5633bb9be800 | nInt 45
   8 | Addr 0x5633bb9be180 | nInt 28
   9 | Addr 0x5633bb9be900 | nInt 45
  10 | Addr 0x5633bb9bea00 | nInt 19
  11 | Addr 0x5633bb9be240 | nInt 13
  12 | Addr 0x5633bb9be100 | nInt 25

Heap Meta Info:
===============
Total Size = 4000 bytes
Start Address = 0x5633bb9be000
A[10]: 
A[9]: [+ 1024] [+ 3072] 
A[8]: [+ 2816] 
A[7]: [+ 2688] 
A[6]: 
A[5]: [+ 3968] 
A[4]: 
A[3]: 
A[2]: 
A[1]: 
A[0]: 
A: 72 integers
   0 | Addr 0x5633bb9bee00 | nInt 46
   1 | Addr 0x5633bb9bef00 | nInt 27
   2 | Addr 0x5633bb9be600 | nInt 85
   3 | Addr 0x5633bb9be200 | nInt 16
   4 | Addr 0x5633bb9be300 | nInt 41
   5 | Addr 0x5633bb9be000 | nInt 53
   6 | Addr 0x5633bb9be280 | nInt 23
   7 | Addr 0x5633bb9be800 | nInt 45
   8 | Addr 0x5633bb9be180 | nInt 28
   9 | Addr 0x5633bb9be900 | nInt 45
  10 | Addr 0x5633bb9bea00 | nInt 19
  11 | Addr 0x5633bb9be240 | nInt 13
  12 | Addr 0x5633bb9be100 | nInt 25
  13 | Addr 0x5633bb9be400 | nInt 72

Heap Meta Info:
===============
Total Size = 4000 bytes
Start Address = 0x5633bb9be000
A[10]: 
A[9]: [+ 3072] 
A[8]: [+ 2816] 
A[7]: [+ 2688] 
A[6]: 
A[5]: [+ 3968] 
A[4]: 
A[3]: 
A[2]: 
A[1]: 
A[0]: 
F: 0x5633bb9bee00 [S=14, R=0]
Adding partition[+ 3584] at Level [8]
	Buddy [+ 3840] not found or cant merge!
   0 | Addr 0x5633bb9bef00 | nInt 27
   1 | Addr 0x5633bb9be600 | nInt 85
   2 | Addr 0x5633bb9be200 | nInt 16
   3 | Addr 0x5633bb9be300 | nInt 41
   4 | Addr 0x5633bb9be000 | nInt 53
   5 | Addr 0x5633bb9be280 | nInt 23
   6 | Addr 0x5633bb9be800 | nInt 45
   7 | Addr 0x5633bb9be180 | nInt 28
   8 | Addr 0x5633bb9be900 | nInt 45
   9 | Addr 0x5633bb9bea00 | nInt 19
  10 | Addr 0x5633bb9be240 | nInt 13
  11 | Addr 0x5633bb9be100 | nInt 25
  12 | Addr 0x5633bb9be400 | nInt 72

Heap Meta Info:
===============
Total Size = 4000 bytes
Start Address = 0x5633bb9be000
A[10]: 
A[9]: [+ 3072] 
A[8]: [+ 2816] [+ 3584] 
A[7]: [+ 2688] 
A[6]: 
A[5]: [+ 3968] 
A[4]: 
A[3]: 
A[2]: 
A[1]: 
A[0]: 
F: 0x5633bb9be200 [S=13, R=2]
Adding partition[+  512] at Level [6]
	Buddy [+  576] not found or cant merge!
   0 | Addr 0x5633bb9bef00 | nInt 27
   1 | Addr 0x5633bb9be600 | nInt 85
   2 | Addr 0x5633bb9be300 | nInt 41
   3 | Addr 0x5633bb9be000 | nInt 53
   4 | Addr 0x5633bb9be280 | nInt 23
   5 | Addr 0x5633bb9be800 | nInt 45
   6 | Addr 0x5633bb9be180 | nInt 28
   7 | Addr 0x5633bb9be900 | nInt 45
   8 | Addr 0x5633bb9bea00 | nInt 19
   9 | Addr 0x5633bb9be240 | nInt 13
  10 | Addr 0x5633bb9be100 | nInt 25
  11 | Addr 0x5633bb9be400 | nInt 72

Heap Meta Info:
===============
Total Size = 4000 bytes
Start Address = 0x5633bb9be000
A[10]: 
A[9]: [+ 3072] 
A[8]: [+ 2816] [+ 3584] 
A[7]: [+ 2688] 
A[6]: [+  512] 
A[5]: [+ 3968] 
A[4]: 
A[3]: 
A[2]: 
A[1]: 
A[0]: 
F: 0x5633bb9bea00 [S=12, R=8]
Adding partition[+ 2560] at Level [7]
	Buddy [+ 2688] found!
Adding partition[+ 2560] at Level [8]
	Buddy [+ 2816] found!
Adding partition[+ 2560] at Level [9]
	Buddy [+ 2048] not found or cant merge!
Inserting before [+ 3072]
   0 | Addr 0x5633bb9bef00 | nInt 27
   1 | Addr 0x5633bb9be600 | nInt 85
   2 | Addr 0x5633bb9be300 | nInt 41
   3 | Addr 0x5633bb9be000 | nInt 53
   4 | Addr 0x5633bb9be280 | nInt 23
   5 | Addr 0x5633bb9be800 | nInt 45
   6 | Addr 0x5633bb9be180 | nInt 28
   7 | Addr 0x5633bb9be900 | nInt 45
   8 | Addr 0x5633bb9be240 | nInt 13
   9 | Addr 0x5633bb9be100 | nInt 25
  10 | Addr 0x5633bb9be400 | nInt 72

Heap Meta Info:
===============
Total Size = 4000 bytes
Start Address = 0x5633bb9be000
A[10]: 
A[9]: [+ 2560] [+ 3072] 
A[8]: [+ 3584] 
A[7]: 
A[6]: [+  512] 
A[5]: [+ 3968] 
A[4]: 
A[3]: 
A[2]: 
A[1]: 
A[0]: 
F: 0x5633bb9be900 [S=11, R=7]
Adding partition[+ 2304] at Level [8]
	Buddy [+ 2048] not found or cant merge!
Inserting before [+ 3584]
   0 | Addr 0x5633bb9bef00 | nInt 27
   1 | Addr 0x5633bb9be600 | nInt 85
   2 | Addr 0x5633bb9be300 | nInt 41
   3 | Addr 0x5633bb9be000 | nInt 53
   4 | Addr 0x5633bb9be280 | nInt 23
   5 | Addr 0x5633bb9be800 | nInt 45
   6 | Addr 0x5633bb9be180 | nInt 28
   7 | Addr 0x5633bb9be240 | nInt 13
   8 | Addr 0x5633bb9be100 | nInt 25
   9 | Addr 0x5633bb9be400 | nInt 72

Heap Meta Info:
===============
Total Size = 4000 bytes
Start Address = 0x5633bb9be000
A[10]: 
A[9]: [+ 2560] [+ 3072] 
A[8]: [+ 2304] [+ 3584] 
A[7]: 
A[6]: [+  512] 
A[5]: [+ 3968] 
A[4]: 
A[3]: 
A[2]: 
A[1]: 
A[0]: 
F: 0x5633bb9be180 [S=10, R=6]
Adding partition[+  384] at Level [7]
	Buddy [+  256] not found or cant merge!
   0 | Addr 0x5633bb9bef00 | nInt 27
   1 | Addr 0x5633bb9be600 | nInt 85
   2 | Addr 0x5633bb9be300 | nInt 41
   3 | Addr 0x5633bb9be000 | nInt 53
   4 | Addr 0x5633bb9be280 | nInt 23
   5 | Addr 0x5633bb9be800 | nInt 45
   6 | Addr 0x5633bb9be240 | nInt 13
   7 | Addr 0x5633bb9be100 | nInt 25
   8 | Addr 0x5633bb9be400 | nInt 72

Heap Meta Info:
===============
Total Size = 4000 bytes
Start Address = 0x5633bb9be000
A[10]: 
A[9]: [+ 2560] [+ 3072] 
A[8]: [+ 2304] [+ 3584] 
A[7]: [+  384] 
A[6]: [+  512] 
A[5]: [+ 3968] 
A[4]: 
A[3]: 
A[2]: 
A[1]: 
A[0]: 
F: 0x5633bb9be300 [S=9, R=2]
Adding partition[+  768] at Level [8]
	Buddy [+  512] not found or cant merge!
Inserting before [+ 2304]
   0 | Addr 0x5633bb9bef00 | nInt 27
   1 | Addr 0x5633bb9be600 | nInt 85
   2 | Addr 0x5633bb9be000 | nInt 53
   3 | Addr 0x5633bb9be280 | nInt 23
   4 | Addr 0x5633bb9be800 | nInt 45
   5 | Addr 0x5633bb9be240 | nInt 13
   6 | Addr 0x5633bb9be100 | nInt 25
   7 | Addr 0x5633bb9be400 | nInt 72

Heap Meta Info:
===============
Total Size = 4000 bytes
Start Address = 0x5633bb9be000
A[10]: 
A[9]: [+ 2560] [+ 3072] 
A[8]: [+  768] [+ 2304] [+ 3584] 
A[7]: [+  384] 
A[6]: [+  512] 
A[5]: [+ 3968] 
A[4]: 
A[3]: 
A[2]: 
A[1]: 
A[0]: 
F: 0x5633bb9bef00 [S=8, R=0]
Adding partition[+ 3840] at Level [7]
	Buddy [+ 3968] not found or cant merge!
   0 | Addr 0x5633bb9be600 | nInt 85
   1 | Addr 0x5633bb9be000 | nInt 53
   2 | Addr 0x5633bb9be280 | nInt 23
   3 | Addr 0x5633bb9be800 | nInt 45
   4 | Addr 0x5633bb9be240 | nInt 13
   5 | Addr 0x5633bb9be100 | nInt 25
   6 | Addr 0x5633bb9be400 | nInt 72

Heap Meta Info:
===============
Total Size = 4000 bytes
Start Address = 0x5633bb9be000
A[10]: 
A[9]: [+ 2560] [+ 3072] 
A[8]: [+  768] [+ 2304] [+ 3584] 
A[7]: [+  384] [+ 3840] 
A[6]: [+  512] 
A[5]: [+ 3968] 
A[4]: 
A[3]: 
A[2]: 
A[1]: 
A[0]: 
A: 58 integers
   0 | Addr 0x5633bb9be600 | nInt 85
   1 | Addr 0x5633bb9be000 | nInt 53
   2 | Addr 0x5633bb9be280 | nInt 23
   3 | Addr 0x5633bb9be800 | nInt 45
   4 | Addr 0x5633bb9be240 | nInt 13
   5 | Addr 0x5633bb9be100 | nInt 25
   6 | Addr 0x5633bb9be400 | nInt 72
   7 | Addr 0x5633bb9be300 | nInt 58

Heap Meta Info:
===============
Total Size = 4000 bytes
Start Address = 0x5633bb9be000
A[10]: 
A[9]: [+ 2560] [+ 3072] 
A[8]: [+ 2304] [+ 3584] 
A[7]: [+  384] [+ 3840] 
A[6]: [+  512] 
A[5]: [+ 3968] 
A[4]: 
A[3]: 
A[2]: 
A[1]: 
A[0]: 
F: 0x5633bb9be300 [S=8, R=7]
Adding partition[+  768] at Level [8]
	Buddy [+  512] not found or cant merge!
Inserting before [+ 2304]
   0 | Addr 0x5633bb9be600 | nInt 85
   1 | Addr 0x5633bb9be000 | nInt 53
   2 | Addr 0x5633bb9be280 | nInt 23
   3 | Addr 0x5633bb9be800 | nInt 45
   4 | Addr 0x5633bb9be240 | nInt 13
   5 | Addr 0x5633bb9be100 | nInt 25
   6 | Addr 0x5633bb9be400 | nInt 72

Heap Meta Info:
===============
Total Size = 4000 bytes
Start Address = 0x5633bb9be000
A[10]: 
A[9]: [+ 2560] [+ 3072] 
A[8]: [+  768] [+ 2304] [+ 3584] 
A[7]: [+  384] [+ 3840] 
A[6]: [+  512] 
A[5]: [+ 3968] 
A[4]: 
A[3]: 
A[2]: 
A[1]: 
A[0]: 
F: 0x5633bb9be100 [S=7, R=5]
Adding partition[+  256] at Level [7]
	Buddy [+  384] found!
Adding partition[+  256] at Level [8]
	Buddy [+    0] not found or cant merge!
Inserting before [+  768]
   0 | Addr 0x5633bb9be600 | nInt 85
   1 | Addr 0x5633bb9be000 | nInt 53
   2 | Addr 0x5633bb9be280 | nInt 23
   3 | Addr 0x5633bb9be800 | nInt 45
   4 | Addr 0x5633bb9be240 | nInt 13
   5 | Addr 0x5633bb9be400 | nInt 72

Heap Meta Info:
===============
Total Size = 4000 bytes
Start Address = 0x5633bb9be000
A[10]: 
A[9]: [+ 2560] [+ 3072] 
A[8]: [+  256] [+  768] [+ 2304] [+ 3584] 
A[7]: [+ 3840] 
A[6]: [+  512] 
A[5]: [+ 3968] 
A[4]: 
A[3]: 
A[2]: 
A[1]: 
A[0]: 
A: 15 integers
   0 | Addr 0x5633bb9be600 | nInt 85
   1 | Addr 0x5633bb9be000 | nInt 53
   2 | Addr 0x5633bb9be280 | nInt 23
   3 | Addr 0x5633bb9be800 | nInt 45
   4 | Addr 0x5633bb9be240 | nInt 13
   5 | Addr 0x5633bb9be400 | nInt 72
   6 | Addr 0x5633bb9be200 | nInt 15

Heap Meta Info:
===============
Total Size = 4000 bytes
Start Address = 0x5633bb9be000
A[10]: 
A[9]: [+ 2560] [+ 3072] 
A[8]: [+  256] [+  768] [+ 2304] [+ 3584] 
A[7]: [+ 3840] 
A[6]: 
A[5]: [+ 3968] 
A[4]: 
A[3]: 
A[2]: 
A[1]: 
A[0]: 
F: 0x5633bb9be280 [S=7, R=2]
Adding partition[+  640] at Level [7]
	Buddy [+  512] not found or cant merge!
Inserting before [+ 3840]
   0 | Addr 0x5633bb9be600 | nInt 85
   1 | Addr 0x5633bb9be000 | nInt 53
   2 | Addr 0x5633bb9be800 | nInt 45
   3 | Addr 0x5633bb9be240 | nInt 13
   4 | Addr 0x5633bb9be400 | nInt 72
   5 | Addr 0x5633bb9be200 | nInt 15

Heap Meta Info:
===============
Total Size = 4000 bytes
Start Address = 0x5633bb9be000
A[10]: 
A[9]: [+ 2560] [+ 3072] 
A[8]: [+  256] [+  768] [+ 2304] [+ 3584] 
A[7]: [+  640] [+ 3840] 
A[6]: 
A[5]: [+ 3968] 
A[4]: 
A[3]: 
A[2]: 
A[1]: 
A[0]: 
A: 31 integers
   0 | Addr 0x5633bb9be600 | nInt 85
   1 | Addr 0x5633bb9be000 | nInt 53
   2 | Addr 0x5633bb9be800 | nInt 45
   3 | Addr 0x5633bb9be240 | nInt 13
   4 | Addr 0x5633bb9be400 | nInt 72
   5 | Addr 0x5633bb9be200 | nInt 15
   6 | Addr 0x5633bb9be280 | nInt 31

Heap Meta Info:
===============
Total Size = 4000 bytes
Start Address = 0x5633bb9be000
A[10]: 
A[9]: [+ 2560] [+ 3072] 
A[8]: [+  256] [+  768] [+ 2304] [+ 3584] 
A[7]: [+ 3840] 
A[6]: 
A[5]: [+ 3968] 
A[4]: 
A[3]: 
A[2]: 
A[1]: 
A[0]: 
F: 0x5633bb9be600 [S=7, R=0]
Adding partition[+ 1536] at Level [9]
	Buddy [+ 1024] not found or cant merge!
Inserting before [+ 2560]
   0 | Addr 0x5633bb9be000 | nInt 53
   1 | Addr 0x5633bb9be800 | nInt 45
   2 | Addr 0x5633bb9be240 | nInt 13
   3 | Addr 0x5633bb9be400 | nInt 72
   4 | Addr 0x5633bb9be200 | nInt 15
   5 | Addr 0x5633bb9be280 | nInt 31

Heap Meta Info:
===============
Total Size = 4000 bytes
Start Address = 0x5633bb9be000
A[10]: 
A[9]: [+ 1536] [+ 2560] [+ 3072] 
A[8]: [+  256] [+  768] [+ 2304] [+ 3584] 
A[7]: [+ 3840] 
A[6]: 
A[5]: [+ 3968] 
A[4]: 
A[3]: 
A[2]: 
A[1]: 
A[0]: 
A: 52 integers
   0 | Addr 0x5633bb9be000 | nInt 53
   1 | Addr 0x5633bb9be800 | nInt 45
   2 | Addr 0x5633bb9be240 | nInt 13
   3 | Addr 0x5633bb9be400 | nInt 72
   4 | Addr 0x5633bb9be200 | nInt 15
   5 | Addr 0x5633bb9be280 | nInt 31
   6 | Addr 0x5633bb9be100 | nInt 52

Heap Meta Info:
===============
Total Size = 4000 bytes
Start Address = 0x5633bb9be000
A[10]: 
A[9]: [+ 1536] [+ 2560] [+ 3072] 
A[8]: [+  768] [+ 2304] [+ 3584] 
A[7]: [+ 3840] 
A[6]: 
A[5]: [+ 3968] 
A[4]: 
A[3]: 
A[2]: 
A[1]: 
A[0]: 
A: 97 integers
   0 | Addr 0x5633bb9be000 | nInt 53
   1 | Addr 0x5633bb9be800 | nInt 45
   2 | Addr 0x5633bb9be240 | nInt 13
   3 | Addr 0x5633bb9be400 | nInt 72
   4 | Addr 0x5633bb9be200 | nInt 15
   5 | Addr 0x5633bb9be280 | nInt 31
   6 | Addr 0x5633bb9be100 | nInt 52
   7 | Addr 0x5633bb9be600 | nInt 97

Heap Meta Info:
===============
Total Size = 4000 bytes
Start Address = 0x5633bb9be000
A[10]: 
A[9]: [+ 2560] [+ 3072] 
A[8]: [+  768] [+ 2304] [+ 3584] 
A[7]: [+ 3840] 
A[6]: 
A[5]: [+ 3968] 
A[4]: 
A[3]: 
A[2]: 
A[1]: 
A[0]: 
A: 19 integers
   0 | Addr 0x5633bb9be000 | nInt 53
   1 | Addr 0x5633bb9be800 | nInt 45
   2 | Addr 0x5633bb9be240 | nInt 13
   3 | Addr 0x5633bb9be400 | nInt 72
   4 | Addr 0x5633bb9be200 | nInt 15
   5 | Addr 0x5633bb9be280 | nInt 31
   6 | Addr 0x5633bb9be100 | nInt 52
   7 | Addr 0x5633bb9be600 | nInt 97
   8 | Addr 0x5633bb9bef00 | nInt 19

Heap Meta Info:
===============
Total Size = 4000 bytes
Start Address = 0x5633bb9be000
A[10]: 
A[9]: [+ 2560] [+ 3072] 
A[8]: [+  768] [+ 2304] [+ 3584] 
A[7]: 
A[6]: 
A[5]: [+ 3968] 
A[4]: 
A[3]: 
A[2]: 
A[1]: 
A[0]: 
F: 0x5633bb9be000 [S=9, R=0]
Adding partition[+    0] at Level [8]
	Buddy [+  256] not found or cant merge!
Inserting before [+  768]
   0 | Addr 0x5633bb9be800 | nInt 45
   1 | Addr 0x5633bb9be240 | nInt 13
   2 | Addr 0x5633bb9be400 | nInt 72
   3 | Addr 0x5633bb9be200 | nInt 15
   4 | Addr 0x5633bb9be280 | nInt 31
   5 | Addr 0x5633bb9be100 | nInt 52
   6 | Addr 0x5633bb9be600 | nInt 97
   7 | Addr 0x5633bb9bef00 | nInt 19

Heap Meta Info:
===============
Total Size = 4000 bytes
Start Address = 0x5633bb9be000
A[10]: 
A[9]: [+ 2560] [+ 3072] 
A[8]: [+    0] [+  768] [+ 2304] [+ 3584] 
A[7]: 
A[6]: 
A[5]: [+ 3968] 
A[4]: 
A[3]: 
A[2]: 
A[1]: 
A[0]: 
A: 16 integers
Adding partition[+  128] at Level [7]
	Buddy [+    0] not found or cant merge!
Adding partition[+   64] at Level [6]
	Buddy [+    0] not found or cant merge!
   0 | Addr 0x5633bb9be800 | nInt 45
   1 | Addr 0x5633bb9be240 | nInt 13
   2 | Addr 0x5633bb9be400 | nInt 72
   3 | Addr 0x5633bb9be200 | nInt 15
   4 | Addr 0x5633bb9be280 | nInt 31
   5 | Addr 0x5633bb9be100 | nInt 52
   6 | Addr 0x5633bb9be600 | nInt 97
   7 | Addr 0x5633bb9bef00 | nInt 19
   8 | Addr 0x5633bb9be000 | nInt 16

Heap Meta Info:
===============
Total Size = 4000 bytes
Start Address = 0x5633bb9be000
A[10]: 
A[9]: [+ 2560] [+ 3072] 
A[8]: [+  768] [+ 2304] [+ 3584] 
A[7]: [+  128] 
A[6]: [+   64] 
A[5]: [+ 3968] 
A[4]: 
A[3]: 
A[2]: 
A[1]: 
A[0]: 
A: 60 integers
   0 | Addr 0x5633bb9be800 | nInt 45
   1 | Addr 0x5633bb9be240 | nInt 13
   2 | Addr 0x5633bb9be400 | nInt 72
   3 | Addr 0x5633bb9be200 | nInt 15
   4 | Addr 0x5633bb9be280 | nInt 31
   5 | Addr 0x5633bb9be100 | nInt 52
   6 | Addr 0x5633bb9be600 | nInt 97
   7 | Addr 0x5633bb9bef00 | nInt 19
   8 | Addr 0x5633bb9be000 | nInt 16
   9 | Addr 0x5633bb9be300 | nInt 60

Heap Meta Info:
===============
Total Size = 4000 bytes
Start Address = 0x5633bb9be000
A[10]: 
A[9]: [+ 2560] [+ 3072] 
A[8]: [+ 2304] [+ 3584] 
A[7]: [+  128] 
A[6]: [+   64] 
A[5]: [+ 3968] 
A[4]: 
A[3]: 
A[2]: 
A[1]: 
A[0]: 
F: 0x5633bb9be280 [S=10, R=4]
Adding partition[+  640] at Level [7]
	Buddy [+  512] not found or cant merge!
   0 | Addr 0x5633bb9be800 | nInt 45
   1 | Addr 0x5633bb9be240 | nInt 13
   2 | Addr 0x5633bb9be400 | nInt 72
   3 | Addr 0x5633bb9be200 | nInt 15
   4 | Addr 0x5633bb9be100 | nInt 52
   5 | Addr 0x5633bb9be600 | nInt 97
   6 | Addr 0x5633bb9bef00 | nInt 19
   7 | Addr 0x5633bb9be000 | nInt 16
   8 | Addr 0x5633bb9be300 | nInt 60

Heap Meta Info:
===============
Total Size = 4000 bytes
Start Address = 0x5633bb9be000
A[10]: 
A[9]: [+ 2560] [+ 3072] 
A[8]: [+ 2304] [+ 3584] 
A[7]: [+  128] [+  640] 
A[6]: [+   64] 
A[5]: [+ 3968] 
A[4]: 
A[3]: 
A[2]: 
A[1]: 
A[0]: 
F: 0x5633bb9be100 [S=9, R=4]
Adding partition[+  256] at Level [8]
	Buddy [+    0] not found or cant merge!
Inserting before [+ 2304]
   0 | Addr 0x5633bb9be800 | nInt 45
   1 | Addr 0x5633bb9be240 | nInt 13
   2 | Addr 0x5633bb9be400 | nInt 72
   3 | Addr 0x5633bb9be200 | nInt 15
   4 | Addr 0x5633bb9be600 | nInt 97
   5 | Addr 0x5633bb9bef00 | nInt 19
   6 | Addr 0x5633bb9be000 | nInt 16
   7 | Addr 0x5633bb9be300 | nInt 60

Heap Meta Info:
===============
Total Size = 4000 bytes
Start Address = 0x5633bb9be000
A[10]: 
A[9]: [+ 2560] [+ 3072] 
A[8]: [+  256] [+ 2304] [+ 3584] 
A[7]: [+  128] [+  640] 
A[6]: [+   64] 
A[5]: [+ 3968] 
A[4]: 
A[3]: 
A[2]: 
A[1]: 
A[0]: 
F: 0x5633bb9be300 [S=8, R=7]
Adding partition[+  768] at Level [8]
	Buddy [+  512] not found or cant merge!
Inserting before [+ 2304]
   0 | Addr 0x5633bb9be800 | nInt 45
   1 | Addr 0x5633bb9be240 | nInt 13
   2 | Addr 0x5633bb9be400 | nInt 72
   3 | Addr 0x5633bb9be200 | nInt 15
   4 | Addr 0x5633bb9be600 | nInt 97
   5 | Addr 0x5633bb9bef00 | nInt 19
   6 | Addr 0x5633bb9be000 | nInt 16

Heap Meta Info:
===============
Total Size = 4000 bytes
Start Address = 0x5633bb9be000
A[10]: 
A[9]: [+ 2560] [+ 3072] 
A[8]: [+  256] [+  768] [+ 2304] [+ 3584] 
A[7]: [+  128] [+  640] 
A[6]: [+   64] 
A[5]: [+ 3968] 
A[4]: 
A[3]: 
A[2]: 
A[1]: 
A[0]: 
A: 94 integers
   0 | Addr 0x5633bb9be800 | nInt 45
   1 | Addr 0x5633bb9be240 | nInt 13
   2 | Addr 0x5633bb9be400 | nInt 72
   3 | Addr 0x5633bb9be200 | nInt 15
   4 | Addr 0x5633bb9be600 | nInt 97
   5 | Addr 0x5633bb9bef00 | nInt 19
   6 | Addr 0x5633bb9be000 | nInt 16
   7 | Addr 0x5633bb9bea00 | nInt 94

Heap Meta Info:
===============
Total Size = 4000 bytes
Start Address = 0x5633bb9be000
A[10]: 
A[9]: [+ 3072] 
A[8]: [+  256] [+  768] [+ 2304] [+ 3584] 
A[7]: [+  128] [+  640] 
A[6]: [+   64] 
A[5]: [+ 3968] 
A[4]: 
A[3]: 
A[2]: 
A[1]: 
A[0]: 
F: 0x5633bb9be200 [S=8, R=3]
Adding partition[+  512] at Level [6]
	Buddy [+  576] not found or cant merge!
   0 | Addr 0x5633bb9be800 | nInt 45
   1 | Addr 0x5633bb9be240 | nInt 13
   2 | Addr 0x5633bb9be400 | nInt 72
   3 | Addr 0x5633bb9be600 | nInt 97
   4 | Addr 0x5633bb9bef00 | nInt 19
   5 | Addr 0x5633bb9be000 | nInt 16
   6 | Addr 0x5633bb9bea00 | nInt 94

Heap Meta Info:
===============
Total Size = 4000 bytes
Start Address = 0x5633bb9be000
A[10]: 
A[9]: [+ 3072] 
A[8]: [+  256] [+  768] [+ 2304] [+ 3584] 
A[7]: [+  128] [+  640] 
A[6]: [+   64] [+  512] 
A[5]: [+ 3968] 
A[4]: 
A[3]: 
A[2]: 
A[1]: 
A[0]: 
F: 0x5633bb9be600 [S=7, R=3]
Adding partition[+ 1536] at Level [9]
	Buddy [+ 1024] not found or cant merge!
Inserting before [+ 3072]
   0 | Addr 0x5633bb9be800 | nInt 45
   1 | Addr 0x5633bb9be240 | nInt 13
   2 | Addr 0x5633bb9be400 | nInt 72
   3 | Addr 0x5633bb9bef00 | nInt 19
   4 | Addr 0x5633bb9be000 | nInt 16
   5 | Addr 0x5633bb9bea00 | nInt 94

Heap Meta Info:
===============
Total Size = 4000 bytes
Start Address = 0x5633bb9be000
A[10]: 
A[9]: [+ 1536] [+ 3072] 
A[8]: [+  256] [+  768] [+ 2304] [+ 3584] 
A[7]: [+  128] [+  640] 
A[6]: [+   64] [+  512] 
A[5]: [+ 3968] 
A[4]: 
A[3]: 
A[2]: 
A[1]: 
A[0]: 
*Tester Done. Cleaning up!
[+    0] |      16      16      16      16
[+    4] |      16      16      16      16
[+    8] |      16      16      16      16
[+   12] |      16      16      16      16
[+   16] |      53      53      53      53
[+   20] |      53      53      53      53
[+   24] |      53      53      53      53
[+   28] |      53      53      53      53
[+   32] |      53      53      53      53
[+   36] |      53      53      53      53
[+   40] |      53      53      53      53
[+   44] |      53      53      53      53
[+   48] |      53      53      53      53
[+   52] |      53      65      65      65
[+   56] |      65      65      65      65
[+   60] |      65      65      65      65
[+   64] |      52      52      52      52
[+   68] |      52      52      52      52
[+   72] |      52      52      52      52
[+   76] |      52      52      52      52
[+   80] |      52      52      52      52
[+   84] |      52      52      52      52
[+   88] |      52      52      52      52
[+   92] |      52      52      52      52
[+   96] |      52      52      52      52
[+  100] |      52      52      52      52
[+  104] |      52      52      52      52
[+  108] |      52      52      52      52
[+  112] |      52      52      52      52
[+  116] |      28      28      28      28
[+  120] |      28      28      28      28
[+  124] |       0       0       0       0
[+  128] |      15      15      15      15
[+  132] |      15      15      15      15
[+  136] |      15      15      15      15
[+  140] |      15      15      15      16
[+  144] |      13      13      13      13
[+  148] |      13      13      13      13
[+  152] |      13      13      13      13
[+  156] |      13      47      47      47
[+  160] |      31      31      31      31
[+  164] |      31      31      31      31
[+  168] |      31      31      31      31
[+  172] |      31      31      31      31
[+  176] |      31      31      31      31
[+  180] |      31      31      31      31
[+  184] |      31      31      31      31
[+  188] |      31      31      31       0
[+  192] |      60      60      60      60
[+  196] |      60      60      60      60
[+  200] |      60      60      60      60
[+  204] |      60      60      60      60
[+  208] |      60      60      60      60
[+  212] |      60      60      60      60
[+  216] |      60      60      60      60
[+  220] |      60      60      60      60
[+  224] |      60      60      60      60
[+  228] |      60      60      60      60
[+  232] |      60      60      60      60
[+  236] |      60      60      60      60
[+  240] |      60      60      60      60
[+  244] |      60      60      60      60
[+  248] |      60      60      60      60
[+  252] |      62      62       0       0
[+  256] |      72      72      72      72
[+  260] |      72      72      72      72
[+  264] |      72      72      72      72
[+  268] |      72      72      72      72
[+  272] |      72      72      72      72
[+  276] |      72      72      72      72
[+  280] |      72      72      72      72
[+  284] |      72      72      72      72
[+  288] |      72      72      72      72
[+  292] |      72      72      72      72
[+  296] |      72      72      72      72
[+  300] |      72      72      72      72
[+  304] |      72      72      72      72
[+  308] |      72      72      72      72
[+  312] |      72      72      72      72
[+  316] |      72      72      72      72
[+  320] |      72      72      72      72
[+  324] |      72      72      72      72
[+  328] |      53      53      53      53
[+  332] |      53      53      53      53
[+  336] |      53      53      53      53
[+  340] |      53      53      53      53
[+  344] |      53      53      53      53
[+  348] |      53      53      53      53
[+  352] |      53      53      53      53
[+  356] |      53      53      53      53
[+  360] |      53      53      53      53
[+  364] |      53      53      53      53
[+  368] |      53      53      53      53
[+  372] |      53       0       0       0
[+  376] |       0       0       0       0
[+  380] |       0       0       0       0
[+  384] |      97      97      97      97
[+  388] |      97      97      97      97
[+  392] |      97      97      97      97
[+  396] |      97      97      97      97
[+  400] |      97      97      97      97
[+  404] |      97      97      97      97
[+  408] |      97      97      97      97
[+  412] |      97      97      97      97
[+  416] |      97      97      97      97
[+  420] |      97      97      97      97
[+  424] |      97      97      97      97
[+  428] |      97      97      97      97
[+  432] |      97      97      97      97
[+  436] |      97      97      97      97
[+  440] |      97      97      97      97
[+  444] |      97      97      97      97
[+  448] |      97      97      97      97
[+  452] |      97      97      97      97
[+  456] |      97      97      97      97
[+  460] |      97      97      97      97
[+  464] |      97      97      97      97
[+  468] |      97      97      97      97
[+  472] |      97      97      97      97
[+  476] |      97      97      97      97
[+  480] |      97       0       0       0
[+  484] |       0       0       0       0
[+  488] |       0       0       0       0
[+  492] |       0       0       0       0
[+  496] |       0       0       0       0
[+  500] |       0       0       0       0
[+  504] |       0       0       0       0
[+  508] |       0       0       0       0
[+  512] |      45      45      45      45
[+  516] |      45      45      45      45
[+  520] |      45      45      45      45
[+  524] |      45      45      45      45
[+  528] |      45      45      45      45
[+  532] |      45      45      45      45
[+  536] |      45      45      45      45
[+  540] |      45      45      45      45
[+  544] |      45      45      45      45
[+  548] |      45      45      45      45
[+  552] |      45      45      45      45
[+  556] |      45       0       0       0
[+  560] |       0       0       0       0
[+  564] |       0       0       0       0
[+  568] |       0       0       0       0
[+  572] |       0       0       0       0
[+  576] |      45      45      45      45
[+  580] |      45      45      45      45
[+  584] |      45      45      45      45
[+  588] |      45      45      45      45
[+  592] |      45      45      45      45
[+  596] |      45      45      45      45
[+  600] |      45      45      45      45
[+  604] |      45      45      45      45
[+  608] |      45      45      45      45
[+  612] |      45      45      45      45
[+  616] |      45      45      45      45
[+  620] |      45      63      63      63
[+  624] |      63      63      63      63
[+  628] |      63      63      63      63
[+  632] |      63      63      63      63
[+  636] |      63      63      63       0
[+  640] |      94      94      94      94
[+  644] |      94      94      94      94
[+  648] |      94      94      94      94
[+  652] |      94      94      94      94
[+  656] |      94      94      94      94
[+  660] |      94      94      94      94
[+  664] |      94      94      94      94
[+  668] |      94      94      94      94
[+  672] |      94      94      94      94
[+  676] |      94      94      94      94
[+  680] |      94      94      94      94
[+  684] |      94      94      94      94
[+  688] |      94      94      94      94
[+  692] |      94      94      94      94
[+  696] |      94      94      94      94
[+  700] |      94      94      94      94
[+  704] |      94      94      94      94
[+  708] |      94      94      94      94
[+  712] |      94      94      94      94
[+  716] |      94      94      94      94
[+  720] |      94      94      94      94
[+  724] |      94      94      94      94
[+  728] |      94      94      94      94
[+  732] |      94      94       0       0
[+  736] |       0       0       0       0
[+  740] |       0       0       0       0
[+  744] |       0       0       0       0
[+  748] |       0       0       0       0
[+  752] |       0       0       0       0
[+  756] |       0       0       0       0
[+  760] |       0       0       0       0
[+  764] |       0       0       0       0
[+  768] |      67      67      67      67
[+  772] |      67      67      67      67
[+  776] |      67      67      67      67
[+  780] |      67      67      67      67
[+  784] |      67      67      67      67
[+  788] |      67      67      67      67
[+  792] |      67      67      67      67
[+  796] |      67      67      67      67
[+  800] |      67      67      67      67
[+  804] |      67      67      67      67
[+  808] |      67      67      67      67
[+  812] |      67      67      67      67
[+  816] |      67      67      67      67
[+  820] |      67      67      67      67
[+  824] |      67      67      67      67
[+  828] |      67      67      67      67
[+  832] |      67      67      67      55
[+  836] |      55      55      55      55
[+  840] |      55      55      55      55
[+  844] |      55      55      55      55
[+  848] |      55      55      55      55
[+  852] |      55      55      55      55
[+  856] |      55      55      55      55
[+  860] |      55      55      55      55
[+  864] |      55      55      55      55
[+  868] |      55      55      55      55
[+  872] |      55      55      55      55
[+  876] |      55      55      55      55
[+  880] |      55      55      55      55
[+  884] |      55      55      55       0
[+  888] |       0       0       0       0
[+  892] |       0       0       0       0
[+  896] |      46      46      46      46
[+  900] |      46      46      46      46
[+  904] |      46      46      46      46
[+  908] |      46      46      46      46
[+  912] |      46      46      46      46
[+  916] |      46      46      46      46
[+  920] |      46      46      46      46
[+  924] |      46      46      46      46
[+  928] |      46      46      46      46
[+  932] |      46      46      46      46
[+  936] |      46      46      46      46
[+  940] |      46      46      64      64
[+  944] |      64      64      64      64
[+  948] |      64      64      64      64
[+  952] |      64      64      64      64
[+  956] |      64      64      64      64
[+  960] |      19      19      19      19
[+  964] |      19      19      19      19
[+  968] |      19      19      19      19
[+  972] |      19      19      19      19
[+  976] |      19      19      19      27
[+  980] |      27      27      27      27
[+  984] |      27      27      27      31
[+  988] |      31      31      31       0
[+  992] |       0       0       0       0
[+  996] |       0       0       0       0

Heap Meta Info:
===============
Total Size = 4000 bytes
Start Address = 0x5633bb9be000
A[10]: 
A[9]: [+ 1536] [+ 3072] 
A[8]: [+  256] [+  768] [+ 2304] [+ 3584] 
A[7]: [+  128] [+  640] 
A[6]: [+   64] [+  512] 
A[5]: [+ 3968] 
A[4]: 
A[3]: 
A[2]: 
A[1]: 
A[0]: 

Heap Usage Statistics:
======================
Total Space: 4000 bytes
Total Free Partitions: 11
Total Free Size: 2464 bytes
Total Internal Fragmentation: 500 bytes
